WARNING: Makefile 'package/boot/arm-trusted-firmware-microchipsw/Makefile' has a build dependency on 'ruby/host', which does not exist
WARNING: Makefile 'package/utils/audit/Makefile' has a dependency on 'libev', which does not exist
WARNING: Makefile 'package/utils/busybox/Makefile' has a dependency on 'libpam', which does not exist
WARNING: Makefile 'package/utils/busybox/Makefile' has a dependency on 'libtirpc', which does not exist
WARNING: Makefile 'package/utils/busybox/Makefile' has a dependency on 'libpam', which does not exist
WARNING: Makefile 'package/utils/busybox/Makefile' has a dependency on 'libtirpc', which does not exist
WARNING: Makefile 'package/utils/busybox/Makefile' has a build dependency on 'libpam', which does not exist
WARNING: Makefile 'package/boot/kexec-tools/Makefile' has a dependency on 'liblzma', which does not exist
WARNING: Makefile 'package/boot/kexec-tools/Makefile' has a dependency on 'libzstd', which does not exist
WARNING: Makefile 'package/network/services/lldpd/Makefile' has a dependency on 'libnetsnmp', which does not exist
WARNING: Makefile 'package/utils/policycoreutils/Makefile' has a dependency on 'libpam', which does not exist
WARNING: Makefile 'package/utils/policycoreutils/Makefile' has a dependency on 'libpam', which does not exist
WARNING: Makefile 'package/utils/policycoreutils/Makefile' has a build dependency on 'libpam', which does not exist
make[2]: Entering directory '/home/mgta29/src/openwrt/scripts/config'
make[2]: 'conf' is up to date.
make[2]: Leaving directory '/home/mgta29/src/openwrt/scripts/config'
make[1]: Entering directory '/home/mgta29/src/openwrt'
+ mkdir -p /home/mgta29/src/openwrt/staging_dir/target-mips_mips32_musl
+ cd /home/mgta29/src/openwrt/staging_dir/target-mips_mips32_musl
+ mkdir -p bin lib stamp usr/include usr/lib
mkdir -p /home/mgta29/src/openwrt/build_dir/target-mips_mips32_musl/stamp
touch /home/mgta29/src/openwrt/staging_dir/target-mips_mips32_musl/.prepared
make[2]: Entering directory '/home/mgta29/src/openwrt/target/linux'
make[3]: Entering directory '/home/mgta29/src/openwrt/target/linux/bmips'
rm -f /home/mgta29/src/openwrt/build_dir/target-mips_mips32_musl/linux-bmips_bcm63268/linux-6.12.87/localversion
/home/mgta29/src/openwrt/scripts/kconfig.pl  + + /home/mgta29/src/openwrt/target/linux/generic/config-6.12 /home/mgta29/src/openwrt/target/linux/bmips/config-6.12 /home/mgta29/src/openwrt/target/linux/bmips/bcm63268/config-6.12 > /home/mgta29/src/openwrt/build_dir/target-mips_mips32_musl/linux-bmips_bcm63268/linux-6.12.87/.config.target
awk '/^(#[[:space:]]+)?CONFIG_KERNEL/{sub("CONFIG_KERNEL_","CONFIG_");print}' /home/mgta29/src/openwrt/.config >> /home/mgta29/src/openwrt/build_dir/target-mips_mips32_musl/linux-bmips_bcm63268/linux-6.12.87/.config.target
echo "# CONFIG_KALLSYMS_EXTRA_PASS is not set" >> /home/mgta29/src/openwrt/build_dir/target-mips_mips32_musl/linux-bmips_bcm63268/linux-6.12.87/.config.target
echo "# CONFIG_KALLSYMS_ALL is not set" >> /home/mgta29/src/openwrt/build_dir/target-mips_mips32_musl/linux-bmips_bcm63268/linux-6.12.87/.config.target
echo "CONFIG_KALLSYMS_UNCOMPRESSED=y" >> /home/mgta29/src/openwrt/build_dir/target-mips_mips32_musl/linux-bmips_bcm63268/linux-6.12.87/.config.target
/home/mgta29/src/openwrt/scripts/package-metadata.pl kconfig /home/mgta29/src/openwrt/tmp/.packageinfo /home/mgta29/src/openwrt/.config 6.12 > /home/mgta29/src/openwrt/build_dir/target-mips_mips32_musl/linux-bmips_bcm63268/linux-6.12.87/.config.override
/home/mgta29/src/openwrt/scripts/kconfig.pl 'm+' '+' /home/mgta29/src/openwrt/build_dir/target-mips_mips32_musl/linux-bmips_bcm63268/linux-6.12.87/.config.target /dev/null /home/mgta29/src/openwrt/build_dir/target-mips_mips32_musl/linux-bmips_bcm63268/linux-6.12.87/.config.override > /home/mgta29/src/openwrt/build_dir/target-mips_mips32_musl/linux-bmips_bcm63268/linux-6.12.87/.config.set
mv /home/mgta29/src/openwrt/build_dir/target-mips_mips32_musl/linux-bmips_bcm63268/linux-6.12.87/.config.set /home/mgta29/src/openwrt/build_dir/target-mips_mips32_musl/linux-bmips_bcm63268/linux-6.12.87/.config.old
grep -v INITRAMFS /home/mgta29/src/openwrt/build_dir/target-mips_mips32_musl/linux-bmips_bcm63268/linux-6.12.87/.config.old > /home/mgta29/src/openwrt/build_dir/target-mips_mips32_musl/linux-bmips_bcm63268/linux-6.12.87/.config.set
echo 'CONFIG_INITRAMFS_SOURCE=""' >> /home/mgta29/src/openwrt/build_dir/target-mips_mips32_musl/linux-bmips_bcm63268/linux-6.12.87/.config.set
echo '# CONFIG_INITRAMFS_FORCE is not set' >> /home/mgta29/src/openwrt/build_dir/target-mips_mips32_musl/linux-bmips_bcm63268/linux-6.12.87/.config.set
echo "# CONFIG_INITRAMFS_PRESERVE_MTIME is not set" >> /home/mgta29/src/openwrt/build_dir/target-mips_mips32_musl/linux-bmips_bcm63268/linux-6.12.87/.config.set
rm -rf /home/mgta29/src/openwrt/build_dir/target-mips_mips32_musl/linux-bmips_bcm63268/modules
cmp -s /home/mgta29/src/openwrt/build_dir/target-mips_mips32_musl/linux-bmips_bcm63268/linux-6.12.87/.config.set /home/mgta29/src/openwrt/build_dir/target-mips_mips32_musl/linux-bmips_bcm63268/linux-6.12.87/.config.prev || { cp /home/mgta29/src/openwrt/build_dir/target-mips_mips32_musl/linux-bmips_bcm63268/linux-6.12.87/.config.set /home/mgta29/src/openwrt/build_dir/target-mips_mips32_musl/linux-bmips_bcm63268/linux-6.12.87/.config; cp /home/mgta29/src/openwrt/build_dir/target-mips_mips32_musl/linux-bmips_bcm63268/linux-6.12.87/.config.set /home/mgta29/src/openwrt/build_dir/target-mips_mips32_musl/linux-bmips_bcm63268/linux-6.12.87/.config.prev; }
export MAKEFLAGS= ; [ -d /home/mgta29/src/openwrt/build_dir/target-mips_mips32_musl/linux-bmips_bcm63268/linux-6.12.87/user_headers ] || make -C /home/mgta29/src/openwrt/build_dir/target-mips_mips32_musl/linux-bmips_bcm63268/linux-6.12.87 KCFLAGS="-fmacro-prefix-map=/home/mgta29/src/openwrt/build_dir/target-mips_mips32_musl=target-mips_mips32_musl -fno-caller-saves " HOSTCFLAGS="-O2 -I/home/mgta29/src/openwrt/staging_dir/host/include -Wall -Wmissing-prototypes -Wstrict-prototypes" CROSS_COMPILE="mips-openwrt-linux-musl-" ARCH="mips" KBUILD_HAVE_NLS=no KBUILD_BUILD_USER="" KBUILD_BUILD_HOST="" KBUILD_BUILD_TIMESTAMP="Tue May 12 23:59:29 2026" KBUILD_BUILD_VERSION="0" KBUILD_HOSTLDFLAGS="-L/home/mgta29/src/openwrt/staging_dir/host/lib" CONFIG_SHELL="bash" V=''  cmd_syscalls=  CC="mips-openwrt-linux-musl-gcc" KERNELRELEASE=6.12.87  INSTALL_HDR_PATH=/home/mgta29/src/openwrt/build_dir/target-mips_mips32_musl/linux-bmips_bcm63268/linux-6.12.87/user_headers headers_install
grep '=[ym]' /home/mgta29/src/openwrt/build_dir/target-mips_mips32_musl/linux-bmips_bcm63268/linux-6.12.87/.config.set | LC_ALL=C sort | /home/mgta29/src/openwrt/staging_dir/host/bin/mkhash md5 > /home/mgta29/src/openwrt/build_dir/target-mips_mips32_musl/linux-bmips_bcm63268/linux-6.12.87/.vermagic
touch /home/mgta29/src/openwrt/build_dir/target-mips_mips32_musl/linux-bmips_bcm63268/linux-6.12.87/.configured
rm -f /home/mgta29/src/openwrt/build_dir/target-mips_mips32_musl/linux-bmips_bcm63268/linux-6.12.87/vmlinux /home/mgta29/src/openwrt/build_dir/target-mips_mips32_musl/linux-bmips_bcm63268/linux-6.12.87/System.map
make -C /home/mgta29/src/openwrt/build_dir/target-mips_mips32_musl/linux-bmips_bcm63268/linux-6.12.87 KCFLAGS="-fmacro-prefix-map=/home/mgta29/src/openwrt/build_dir/target-mips_mips32_musl=target-mips_mips32_musl -fno-caller-saves " HOSTCFLAGS="-O2 -I/home/mgta29/src/openwrt/staging_dir/host/include -Wall -Wmissing-prototypes -Wstrict-prototypes" CROSS_COMPILE="mips-openwrt-linux-musl-" ARCH="mips" KBUILD_HAVE_NLS=no KBUILD_BUILD_USER="" KBUILD_BUILD_HOST="" KBUILD_BUILD_TIMESTAMP="Tue May 12 23:59:29 2026" KBUILD_BUILD_VERSION="0" KBUILD_HOSTLDFLAGS="-L/home/mgta29/src/openwrt/staging_dir/host/lib" CONFIG_SHELL="bash" V=''  cmd_syscalls=  CC="mips-openwrt-linux-musl-gcc" KERNELRELEASE=6.12.87 all modules
make[4]: Entering directory '/home/mgta29/src/openwrt/build_dir/target-mips_mips32_musl/linux-bmips_bcm63268/linux-6.12.87'
  CC      arch/mips/bmips/setup.o
  CC      arch/mips/bmips/irq.o
  CC      arch/mips/bmips/dma.o
  AR      arch/mips/bmips/built-in.a
  AR      arch/mips/generic/built-in.a
  LDS     arch/mips/kernel/vmlinux.lds
  AS      arch/mips/kernel/head.o
  CC      arch/mips/kernel/branch.o
  CC      arch/mips/kernel/cmpxchg.o
  CC      arch/mips/kernel/elf.o
  AS      arch/mips/kernel/entry.o
  AS      arch/mips/kernel/genex.o
  CC      arch/mips/kernel/idle.o
  CC      arch/mips/kernel/irq.o
  CC      arch/mips/kernel/process.o
  CC      arch/mips/kernel/prom.o
  CC      arch/mips/kernel/ptrace.o
  CC      arch/mips/kernel/reset.o
  CC      arch/mips/kernel/setup.o
  CC      arch/mips/kernel/signal.o
  CC      arch/mips/kernel/syscall.o
  CC      arch/mips/kernel/time.o
  CC      arch/mips/kernel/topology.o
  CC      arch/mips/kernel/traps.o
  CC      arch/mips/kernel/unaligned.o
  CC      arch/mips/kernel/watch.o
  CC      arch/mips/kernel/vdso.o
  CC      arch/mips/kernel/cacheinfo.o
  CC      arch/mips/kernel/cpu-probe.o
  CC      arch/mips/kernel/cevt-r4k.o
  CC      arch/mips/kernel/csrc-r4k.o
  CC      arch/mips/kernel/sync-r4k.o
  CC      arch/mips/kernel/segment.o
  CC      arch/mips/kernel/module.o
  AS      arch/mips/kernel/r4k_switch.o
  CC      arch/mips/kernel/smp.o
  CC      arch/mips/kernel/smp-up.o
  CC      arch/mips/kernel/smp-bmips.o
  AS      arch/mips/kernel/bmips_vec.o
  AS      arch/mips/kernel/bmips_5xxx_init.o
  AS      arch/mips/kernel/scall32-o32.o
  CC      arch/mips/kernel/proc.o
  CC      arch/mips/kernel/sysrq.o
  CC      arch/mips/kernel/jump_label.o
  AR      arch/mips/kernel/built-in.a
  CC      arch/mips/mm/cache.o
  CC      arch/mips/mm/context.o
  CC      arch/mips/mm/extable.o
  CC      arch/mips/mm/fault.o
  CC      arch/mips/mm/init.o
  CC      arch/mips/mm/mmap.o
  CC      arch/mips/mm/page.o
  AS      arch/mips/mm/page-funcs.o
  CC      arch/mips/mm/pgtable.o
  CC      arch/mips/mm/tlbex.o
  AS      arch/mips/mm/tlbex-fault.o
  AS      arch/mips/mm/tlb-funcs.o
  CC      arch/mips/mm/uasm-mips.o
  CC      arch/mips/mm/maccess.o
  CC      arch/mips/mm/ioremap.o
  CC      arch/mips/mm/pgtable-32.o
  CC      arch/mips/mm/dma-noncoherent.o
  CC      arch/mips/mm/c-r4k.o
  AS      arch/mips/mm/cex-gen.o
  CC      arch/mips/mm/tlb-r4k.o
  AR      arch/mips/mm/built-in.a
  CC      arch/mips/net/bpf_jit_comp.o
  CC      arch/mips/net/bpf_jit_comp32.o
  AR      arch/mips/net/built-in.a
  LDS     arch/mips/vdso/vdso.lds
  AS      arch/mips/vdso/elf.o
  CC      arch/mips/vdso/vgettimeofday.o
  AS      arch/mips/vdso/sigreturn.o
  LD      arch/mips/vdso/vdso.so.dbg.raw
  OBJCOPY arch/mips/vdso/vdso.so.raw
  HOSTCC  arch/mips/vdso/genvdso
  GENVDSO arch/mips/vdso/vdso-image.c
  CC      arch/mips/vdso/vdso-image.o
  AR      arch/mips/vdso/built-in.a
  AR      arch/mips/built-in.a
  DTC     arch/mips/boot/dts/brcm/bcm3368-netgear-cvg834g.dtb
  DTC     arch/mips/boot/dts/brcm/bcm6358-neufbox4-sercomm.dtb
  DTC     arch/mips/boot/dts/brcm/bcm6362-neufbox6-sercomm.dtb
  DTC     arch/mips/boot/dts/brcm/bcm63268-comtrend-vr-3032u.dtb
  DTC     arch/mips/boot/dts/brcm/bcm93384wvg.dtb
  DTC     arch/mips/boot/dts/brcm/bcm93384wvg_viper.dtb
  DTC     arch/mips/boot/dts/brcm/bcm96368mvwg.dtb
  DTC     arch/mips/boot/dts/brcm/bcm9ejtagprb.dtb
  DTC     arch/mips/boot/dts/brcm/bcm97125cbmb.dtb
  DTC     arch/mips/boot/dts/brcm/bcm97346dbsmb.dtb
  DTC     arch/mips/boot/dts/brcm/bcm97358svmb.dtb
  DTC     arch/mips/boot/dts/brcm/bcm97360svmb.dtb
  DTC     arch/mips/boot/dts/brcm/bcm97362svmb.dtb
  DTC     arch/mips/boot/dts/brcm/bcm97420c.dtb
  DTC     arch/mips/boot/dts/brcm/bcm97425svmb.dtb
  DTC     arch/mips/boot/dts/brcm/bcm97435svmb.dtb
  AR      arch/mips/boot/dts/built-in.a
  CC      kernel/sched/core.o
  CC      kernel/sched/fair.o
  CC      kernel/sched/build_policy.o
  CC      kernel/sched/build_utility.o
  AR      kernel/sched/built-in.a
  CC      kernel/locking/mutex.o
  CC      kernel/locking/semaphore.o
  CC      kernel/locking/rwsem.o
  CC      kernel/locking/percpu-rwsem.o
  CC      kernel/locking/spinlock.o
  CC      kernel/locking/qspinlock.o
  CC      kernel/locking/rtmutex_api.o
  CC      kernel/locking/qrwlock.o
  AR      kernel/locking/built-in.a
  CC      kernel/power/qos.o
  CC      kernel/power/main.o
  CC      kernel/power/poweroff.o
  AR      kernel/power/built-in.a
  CC      kernel/printk/printk.o
  CC      kernel/printk/printk_safe.o
  CC      kernel/printk/nbcon.o
  CC      kernel/printk/printk_ringbuffer.o
  CC      kernel/printk/sysctl.o
  AR      kernel/printk/built-in.a
  CC      kernel/irq/irqdesc.o
  CC      kernel/irq/handle.o
  CC      kernel/irq/manage.o
  CC      kernel/irq/spurious.o
  CC      kernel/irq/resend.o
  CC      kernel/irq/chip.o
  CC      kernel/irq/dummychip.o
  CC      kernel/irq/devres.o
  CC      kernel/irq/kexec.o
  CC      kernel/irq/generic-chip.o
  CC      kernel/irq/autoprobe.o
  CC      kernel/irq/irqdomain.o
  CC      kernel/irq/proc.o
  CC      kernel/irq/affinity.o
  AR      kernel/irq/built-in.a
  CC      kernel/rcu/update.o
  CC      kernel/rcu/sync.o
  CC      kernel/rcu/srcutree.o
  CC      kernel/rcu/tree.o
  CC      kernel/rcu/rcu_segcblist.o
  AR      kernel/rcu/built-in.a
  AR      kernel/livepatch/built-in.a
  CC      kernel/dma/mapping.o
  CC      kernel/dma/direct.o
  CC      kernel/dma/coherent.o
  CC      kernel/dma/remap.o
  AR      kernel/dma/built-in.a
  AR      kernel/entry/built-in.a
  CC      kernel/module/main.o
  CC      kernel/module/strict_rwx.o
  CC      kernel/module/kmod.o
  CC      kernel/module/kallsyms.o
  CC      kernel/module/procfs.o
  CC      kernel/module/sysfs.o
  AR      kernel/module/built-in.a
  CC      kernel/time/time.o
  CC      kernel/time/timer.o
  CC      kernel/time/hrtimer.o
  CC      kernel/time/timekeeping.o
  CC      kernel/time/ntp.o
  CC      kernel/time/clocksource.o
  CC      kernel/time/jiffies.o
  CC      kernel/time/timer_list.o
  CC      kernel/time/timeconv.o
  CC      kernel/time/timecounter.o
  CC      kernel/time/alarmtimer.o
  CC      kernel/time/posix-timers.o
  CC      kernel/time/posix-cpu-timers.o
  CC      kernel/time/posix-clock.o
  CC      kernel/time/itimer.o
  CC      kernel/time/clockevents.o
  CC      kernel/time/tick-common.o
  CC      kernel/time/sched_clock.o
  CC      kernel/time/tick-oneshot.o
  CC      kernel/time/tick-sched.o
  CC      kernel/time/vsyscall.o
  CC      kernel/time/timekeeping_debug.o
  AR      kernel/time/built-in.a
  CC      kernel/futex/core.o
  CC      kernel/futex/syscalls.o
  CC      kernel/futex/pi.o
  CC      kernel/futex/requeue.o
  CC      kernel/futex/waitwake.o
  AR      kernel/futex/built-in.a
  CC      kernel/cgroup/cgroup.o
  CC      kernel/cgroup/rstat.o
  CC      kernel/cgroup/namespace.o
  CC      kernel/cgroup/cgroup-v1.o
  CC      kernel/cgroup/freezer.o
  CC      kernel/cgroup/pids.o
  CC      kernel/cgroup/rdma.o
  CC      kernel/cgroup/cpuset.o
  AR      kernel/cgroup/built-in.a
  CC      kernel/bpf/core.o
  CC      kernel/bpf/syscall.o
  CC      kernel/bpf/verifier.o
  CC      kernel/bpf/inode.o
  CC      kernel/bpf/helpers.o
  CC      kernel/bpf/tnum.o
  CC      kernel/bpf/log.o
  CC      kernel/bpf/token.o
  CC      kernel/bpf/bpf_iter.o
  CC      kernel/bpf/map_iter.o
  CC      kernel/bpf/task_iter.o
  CC      kernel/bpf/prog_iter.o
  CC      kernel/bpf/link_iter.o
  CC      kernel/bpf/hashtab.o
  CC      kernel/bpf/arraymap.o
  CC      kernel/bpf/percpu_freelist.o
  CC      kernel/bpf/bpf_lru_list.o
  CC      kernel/bpf/lpm_trie.o
  CC      kernel/bpf/map_in_map.o
  CC      kernel/bpf/bloom_filter.o
  CC      kernel/bpf/local_storage.o
  CC      kernel/bpf/queue_stack_maps.o
  CC      kernel/bpf/ringbuf.o
  CC      kernel/bpf/bpf_local_storage.o
  CC      kernel/bpf/bpf_task_storage.o
  CC      kernel/bpf/disasm.o
  CC      kernel/bpf/mprog.o
  CC      kernel/bpf/trampoline.o
  CC      kernel/bpf/btf.o
  CC      kernel/bpf/memalloc.o
  CC      kernel/bpf/dispatcher.o
  CC      kernel/bpf/devmap.o
  CC      kernel/bpf/cpumap.o
  CC      kernel/bpf/offload.o
  CC      kernel/bpf/net_namespace.o
  CC      kernel/bpf/tcx.o
  CC      kernel/bpf/cgroup_iter.o
  CC      kernel/bpf/bpf_cgrp_storage.o
  CC      kernel/bpf/cgroup.o
  CC      kernel/bpf/reuseport_array.o
  CC      kernel/bpf/bpf_struct_ops.o
  CC      kernel/bpf/cpumask.o
  CC      kernel/bpf/crypto.o
  CC      kernel/bpf/relo_core.o
  CC      kernel/bpf/btf_iter.o
  CC      kernel/bpf/btf_relocate.o
  AR      kernel/bpf/built-in.a
  CC      kernel/fork.o
  CC      kernel/exec_domain.o
  CC      kernel/panic.o
  CC      kernel/cpu.o
  CC      kernel/exit.o
  CC      kernel/softirq.o
  CC      kernel/resource.o
  CC      kernel/sysctl.o
  CC      kernel/capability.o
  CC      kernel/ptrace.o
  CC      kernel/user.o
  CC      kernel/signal.o
  CC      kernel/sys.o
  CC      kernel/umh.o
  CC      kernel/workqueue.o
  CC      kernel/pid.o
  CC      kernel/task_work.o
  CC      kernel/extable.o
  CC      kernel/params.o
  CC      kernel/kthread.o
  CC      kernel/sys_ni.o
  CC      kernel/nsproxy.o
  CC      kernel/notifier.o
  CC      kernel/ksysfs.o
  CC      kernel/cred.o
  CC      kernel/reboot.o
  CC      kernel/async.o
  CC      kernel/range.o
  CC      kernel/smpboot.o
  CC      kernel/ucount.o
  CC      kernel/regset.o
  CC      kernel/ksyms_common.o
  CC      kernel/groups.o
  CC      kernel/smp.o
  CC      kernel/kallsyms.o
  CC      kernel/utsname.o
  CC      kernel/user_namespace.o
  CC      kernel/pid_namespace.o
  CC      kernel/stop_machine.o
  CC      kernel/seccomp.o
  CC      kernel/relay.o
  CC      kernel/utsname_sysctl.o
  CC      kernel/irq_work.o
  CC      kernel/padata.o
  CC      kernel/jump_label.o
  CC      kernel/context_tracking.o
  CC      kernel/iomem.o
  AR      kernel/built-in.a
  AR      certs/built-in.a
  CC      mm/filemap.o
  CC      mm/mempool.o
  CC      mm/oom_kill.o
  CC      mm/fadvise.o
  CC      mm/maccess.o
  CC      mm/page-writeback.o
  CC      mm/folio-compat.o
  CC      mm/readahead.o
  CC      mm/swap.o
  CC      mm/truncate.o
  CC      mm/vmscan.o
  CC      mm/shrinker.o
  CC      mm/shmem.o
  CC      mm/util.o
  CC      mm/mmzone.o
  CC      mm/vmstat.o
  CC      mm/backing-dev.o
  CC      mm/mm_init.o
  CC      mm/percpu.o
  CC      mm/slab_common.o
  CC      mm/compaction.o
  CC      mm/show_mem.o
  CC      mm/interval_tree.o
  CC      mm/list_lru.o
  CC      mm/workingset.o
  CC      mm/debug.o
  CC      mm/gup.o
  CC      mm/mmap_lock.o
  CC      mm/highmem.o
  CC      mm/memory.o
  CC      mm/mincore.o
  CC      mm/mlock.o
  CC      mm/mmap.o
  CC      mm/mmu_gather.o
  CC      mm/mprotect.o
  CC      mm/mremap.o
  CC      mm/msync.o
  CC      mm/page_vma_mapped.o
  CC      mm/pagewalk.o
  CC      mm/pgtable-generic.o
  CC      mm/rmap.o
  CC      mm/vmalloc.o
  CC      mm/vma.o
  CC      mm/page_alloc.o
  CC      mm/init-mm.o
  CC      mm/memblock.o
  CC      mm/slub.o
  CC      mm/madvise.o
  CC      mm/page_io.o
  CC      mm/swap_state.o
  CC      mm/swapfile.o
  CC      mm/swap_slots.o
  CC      mm/dmapool.o
  CC      mm/migrate.o
  CC      mm/page_counter.o
  CC      mm/memcontrol.o
  CC      mm/vmpressure.o
  CC      mm/swap_cgroup.o
  CC      mm/usercopy.o
  CC      mm/memfd.o
  CC      mm/execmem.o
  AR      mm/built-in.a
  AR      fs/notify/dnotify/built-in.a
  CC      fs/notify/inotify/inotify_fsnotify.o
  CC      fs/notify/inotify/inotify_user.o
  AR      fs/notify/inotify/built-in.a
  CC      fs/notify/fanotify/fanotify.o
  CC      fs/notify/fanotify/fanotify_user.o
  AR      fs/notify/fanotify/built-in.a
  CC      fs/notify/fsnotify.o
  CC      fs/notify/notification.o
  CC      fs/notify/group.o
  CC      fs/notify/mark.o
  CC      fs/notify/fdinfo.o
  AR      fs/notify/built-in.a
  CC      fs/iomap/trace.o
  CC      fs/iomap/iter.o
  CC      fs/iomap/buffered-io.o
  CC      fs/iomap/direct-io.o
  CC      fs/iomap/fiemap.o
  CC      fs/iomap/seek.o
  CC      fs/iomap/swapfile.o
  AR      fs/iomap/built-in.a
  AR      fs/quota/built-in.a
  CC      fs/proc/task_mmu.o
  CC      fs/proc/inode.o
  CC      fs/proc/root.o
  CC      fs/proc/base.o
  CC      fs/proc/generic.o
  CC      fs/proc/array.o
  CC      fs/proc/fd.o
  CC      fs/proc/proc_tty.o
  CC      fs/proc/cmdline.o
  CC      fs/proc/consoles.o
  CC      fs/proc/cpuinfo.o
  CC      fs/proc/devices.o
  CC      fs/proc/interrupts.o
  CC      fs/proc/loadavg.o
  CC      fs/proc/meminfo.o
  CC      fs/proc/stat.o
  CC      fs/proc/uptime.o
  CC      fs/proc/util.o
  CC      fs/proc/version.o
  CC      fs/proc/softirqs.o
  CC      fs/proc/namespaces.o
  CC      fs/proc/self.o
  CC      fs/proc/thread_self.o
  CC      fs/proc/proc_sysctl.o
  CC      fs/proc/proc_net.o
  CC      fs/proc/kmsg.o
  AR      fs/proc/built-in.a
  CC      fs/kernfs/mount.o
  CC      fs/kernfs/inode.o
  CC      fs/kernfs/dir.o
  CC      fs/kernfs/file.o
  CC      fs/kernfs/symlink.o
  AR      fs/kernfs/built-in.a
  CC      fs/sysfs/file.o
  CC      fs/sysfs/dir.o
  CC      fs/sysfs/symlink.o
  CC      fs/sysfs/mount.o
  CC      fs/sysfs/group.o
  AR      fs/sysfs/built-in.a
  CC      fs/devpts/inode.o
  AR      fs/devpts/built-in.a
  CC      fs/squashfs/block.o
  CC      fs/squashfs/cache.o
  CC      fs/squashfs/dir.o
  CC      fs/squashfs/export.o
  CC      fs/squashfs/file.o
  CC      fs/squashfs/fragment.o
  CC      fs/squashfs/id.o
  CC      fs/squashfs/inode.o
  CC      fs/squashfs/namei.o
  CC      fs/squashfs/super.o
  CC      fs/squashfs/symlink.o
  CC      fs/squashfs/decompressor.o
  CC      fs/squashfs/page_actor.o
  CC      fs/squashfs/file_direct.o
  CC      fs/squashfs/decompressor_multi_percpu.o
  CC      fs/squashfs/xz_wrapper.o
  AR      fs/squashfs/built-in.a
  CC      fs/ramfs/inode.o
  CC      fs/ramfs/file-mmu.o
  AR      fs/ramfs/built-in.a
  CC      fs/exportfs/expfs.o
  AR      fs/exportfs/built-in.a
  AR      fs/unicode/built-in.a
  CC      fs/jffs2/compr.o
  CC      fs/jffs2/dir.o
  CC      fs/jffs2/file.o
  CC      fs/jffs2/ioctl.o
  CC      fs/jffs2/nodelist.o
  CC      fs/jffs2/malloc.o
  CC      fs/jffs2/read.o
  CC      fs/jffs2/nodemgmt.o
  CC      fs/jffs2/readinode.o
  CC      fs/jffs2/write.o
  CC      fs/jffs2/scan.o
  CC      fs/jffs2/gc.o
  CC      fs/jffs2/symlink.o
  CC      fs/jffs2/build.o
  CC      fs/jffs2/erase.o
  CC      fs/jffs2/background.o
  CC      fs/jffs2/fs.o
  CC      fs/jffs2/writev.o
  CC      fs/jffs2/super.o
  CC      fs/jffs2/debug.o
  CC      fs/jffs2/wbuf.o
  CC      fs/jffs2/xattr.o
  CC      fs/jffs2/xattr_trusted.o
  CC      fs/jffs2/xattr_user.o
  CC      fs/jffs2/security.o
  CC      fs/jffs2/acl.o
  CC      fs/jffs2/compr_rtime.o
  CC      fs/jffs2/compr_lzma.o
  CC      fs/jffs2/summary.o
  AR      fs/jffs2/built-in.a
  CC      fs/ubifs/shrinker.o
  CC      fs/ubifs/journal.o
  CC      fs/ubifs/file.o
  CC      fs/ubifs/dir.o
  CC      fs/ubifs/super.o
  CC      fs/ubifs/sb.o
  CC      fs/ubifs/io.o
  CC      fs/ubifs/tnc.o
  CC      fs/ubifs/master.o
  CC      fs/ubifs/scan.o
  CC      fs/ubifs/replay.o
  CC      fs/ubifs/log.o
  CC      fs/ubifs/commit.o
  CC      fs/ubifs/gc.o
  CC      fs/ubifs/orphan.o
  CC      fs/ubifs/budget.o
  CC      fs/ubifs/find.o
  CC      fs/ubifs/tnc_commit.o
  CC      fs/ubifs/compress.o
  CC      fs/ubifs/lpt.o
  CC      fs/ubifs/lprops.o
  CC      fs/ubifs/recovery.o
  CC      fs/ubifs/ioctl.o
  CC      fs/ubifs/lpt_commit.o
  CC      fs/ubifs/tnc_misc.o
  CC      fs/ubifs/debug.o
  CC      fs/ubifs/misc.o
  CC      fs/ubifs/sysfs.o
  CC      fs/ubifs/xattr.o
  AR      fs/ubifs/built-in.a
  CC      fs/overlayfs/super.o
  CC      fs/overlayfs/namei.o
  CC      fs/overlayfs/util.o
  CC      fs/overlayfs/inode.o
  CC      fs/overlayfs/file.o
  CC      fs/overlayfs/dir.o
  CC      fs/overlayfs/readdir.o
  CC      fs/overlayfs/copy_up.o
  CC      fs/overlayfs/export.o
  CC      fs/overlayfs/params.o
  CC      fs/overlayfs/xattrs.o
  AR      fs/overlayfs/built-in.a
  AR      fs/hostfs/built-in.a
  CC      fs/debugfs/inode.o
  CC      fs/debugfs/file.o
  AR      fs/debugfs/built-in.a
  CC      fs/open.o
  CC      fs/read_write.o
  CC      fs/file_table.o
  CC      fs/super.o
  CC      fs/char_dev.o
  CC      fs/stat.o
  CC      fs/exec.o
  CC      fs/pipe.o
  CC      fs/namei.o
  CC      fs/fcntl.o
  CC      fs/ioctl.o
  CC      fs/readdir.o
  CC      fs/select.o
  CC      fs/dcache.o
  CC      fs/inode.o
  CC      fs/attr.o
  CC      fs/bad_inode.o
  CC      fs/file.o
  CC      fs/filesystems.o
  CC      fs/namespace.o
  CC      fs/seq_file.o
  CC      fs/xattr.o
  CC      fs/libfs.o
  CC      fs/fs-writeback.o
  CC      fs/pnode.o
  CC      fs/splice.o
  CC      fs/sync.o
  CC      fs/utimes.o
  CC      fs/d_path.o
  CC      fs/stack.o
  CC      fs/fs_struct.o
  CC      fs/statfs.o
  CC      fs/fs_pin.o
  CC      fs/nsfs.o
  CC      fs/fs_types.o
  CC      fs/fs_context.o
  CC      fs/fs_parser.o
  CC      fs/fsopen.o
  CC      fs/init.o
  CC      fs/kernel_read_file.o
  CC      fs/mnt_idmapping.o
  CC      fs/remap_range.o
  CC      fs/pidfs.o
  CC      fs/proc_namespace.o
  CC      fs/eventpoll.o
  CC      fs/anon_inodes.o
  CC      fs/signalfd.o
  CC      fs/timerfd.o
  CC      fs/eventfd.o
  CC      fs/aio.o
  CC      fs/locks.o
  CC      fs/binfmt_script.o
  CC      fs/binfmt_elf.o
  CC      fs/backing-file.o
  CC      fs/posix_acl.o
  CC      fs/coredump.o
  CC      fs/drop_caches.o
  CC      fs/sysctls.o
  CC      fs/fhandle.o
  AR      fs/built-in.a
  CC      ipc/util.o
  CC      ipc/msgutil.o
  CC      ipc/msg.o
  CC      ipc/sem.o
  CC      ipc/shm.o
  CC      ipc/syscall.o
  CC      ipc/ipc_sysctl.o
  CC      ipc/mqueue.o
  CC      ipc/namespace.o
  CC      ipc/mq_sysctl.o
  AR      ipc/built-in.a
  CC      security/keys/gc.o
  CC      security/keys/key.o
  CC      security/keys/keyring.o
  CC      security/keys/keyctl.o
  CC      security/keys/permission.o
  CC      security/keys/process_keys.o
  CC      security/keys/request_key.o
  CC      security/keys/request_key_auth.o
  CC      security/keys/user_defined.o
  CC      security/keys/proc.o
  CC      security/keys/sysctl.o
  AR      security/keys/built-in.a
  CC      security/commoncap.o
  CC      security/min_addr.o
  CC      security/device_cgroup.o
  AR      security/built-in.a
  CC      crypto/api.o
  CC      crypto/cipher.o
  CC      crypto/compress.o
  CC      crypto/algapi.o
  CC      crypto/scatterwalk.o
  CC      crypto/proc.o
  CC      crypto/aead.o
  CC      crypto/lskcipher.o
  CC      crypto/skcipher.o
  CC      crypto/bpf_crypto_skcipher.o
  CC      crypto/ahash.o
  CC      crypto/shash.o
  CC      crypto/acompress.o
  CC      crypto/scompress.o
  CC      crypto/algboss.o
  CC      crypto/testmgr.o
  CC      crypto/crypto_null.o
  CC      crypto/ecb.o
  CC      crypto/ctr.o
  CC      crypto/gcm.o
  CC      crypto/ccm.o
  CC      crypto/pcrypt.o
  CC      crypto/aes_generic.o
  CC      crypto/deflate.o
  CC      crypto/lzo.o
  CC      crypto/lzo-rle.o
  CC      crypto/ghash-generic.o
  CC      crypto/zstd.o
  CC      crypto/hash_info.o
  AR      crypto/built-in.a
  CC [M]  crypto/crc32c_generic.o
  CC      block/partitions/core.o
  CC      block/partitions/msdos.o
  CC      block/partitions/of.o
  CC      block/partitions/efi.o
  AR      block/partitions/built-in.a
  CC      block/bdev.o
  CC      block/fops.o
  CC      block/bio.o
  CC      block/elevator.o
  CC      block/blk-core.o
  CC      block/blk-sysfs.o
  CC      block/blk-flush.o
  CC      block/blk-settings.o
  CC      block/blk-ioc.o
  CC      block/blk-map.o
  CC      block/blk-merge.o
  CC      block/blk-timeout.o
  CC      block/blk-lib.o
  CC      block/blk-mq.o
  CC      block/blk-mq-tag.o
  CC      block/blk-stat.o
  CC      block/blk-mq-sysfs.o
  CC      block/blk-mq-cpumap.o
  CC      block/blk-mq-sched.o
  CC      block/ioctl.o
  CC      block/genhd.o
  CC      block/ioprio.o
  CC      block/badblocks.o
  CC      block/blk-rq-qos.o
  CC      block/disk-events.o
  CC      block/blk-ia-ranges.o
  CC      block/early-lookup.o
  CC      block/blk-cgroup.o
  CC      block/blk-cgroup-rwstat.o
  CC      block/blk-throttle.o
  CC      block/blk-mq-pci.o
  CC      block/blk-pm.o
  AR      block/built-in.a
  CC      lib/math/div64.o
  CC      lib/math/gcd.o
  CC      lib/math/lcm.o
  CC      lib/math/int_log.o
  CC      lib/math/int_pow.o
  CC      lib/math/int_sqrt.o
  CC      lib/math/reciprocal_div.o
  CC      lib/math/rational.o
  AR      lib/math/built-in.a
  CC      lib/crypto/memneq.o
  CC      lib/crypto/utils.o
  CC      lib/crypto/chacha.o
  CC      lib/crypto/aes.o
  CC      lib/crypto/arc4.o
  CC      lib/crypto/gf128mul.o
  CC      lib/crypto/blake2s.o
  CC      lib/crypto/blake2s-generic.o
  CC      lib/crypto/sha1.o
  CC      lib/crypto/sha256.o
  AR      lib/crypto/built-in.a
  CC      lib/zlib_inflate/inffast.o
  CC      lib/zlib_inflate/inflate.o
  CC      lib/zlib_inflate/infutil.o
  CC      lib/zlib_inflate/inftrees.o
  CC      lib/zlib_inflate/inflate_syms.o
  AR      lib/zlib_inflate/built-in.a
  CC      lib/zlib_deflate/deflate.o
  CC      lib/zlib_deflate/deftree.o
  CC      lib/zlib_deflate/deflate_syms.o
  AR      lib/zlib_deflate/built-in.a
  CC      lib/lzo/lzo1x_compress.o
  CC      lib/lzo/lzo1x_compress_safe.o
  CC      lib/lzo/lzo1x_decompress_safe.o
  AR      lib/lzo/built-in.a
  CC      lib/zstd/zstd_compress_module.o
  CC      lib/zstd/compress/fse_compress.o
  CC      lib/zstd/compress/hist.o
  CC      lib/zstd/compress/huf_compress.o
  CC      lib/zstd/compress/zstd_compress.o
  CC      lib/zstd/compress/zstd_compress_literals.o
  CC      lib/zstd/compress/zstd_compress_sequences.o
  CC      lib/zstd/compress/zstd_compress_superblock.o
  CC      lib/zstd/compress/zstd_double_fast.o
  CC      lib/zstd/compress/zstd_fast.o
  CC      lib/zstd/compress/zstd_lazy.o
  CC      lib/zstd/compress/zstd_ldm.o
  CC      lib/zstd/compress/zstd_opt.o
  CC      lib/zstd/zstd_decompress_module.o
  CC      lib/zstd/decompress/huf_decompress.o
  CC      lib/zstd/decompress/zstd_ddict.o
  CC      lib/zstd/decompress/zstd_decompress.o
  CC      lib/zstd/decompress/zstd_decompress_block.o
  CC      lib/zstd/zstd_common_module.o
  CC      lib/zstd/common/debug.o
  CC      lib/zstd/common/entropy_common.o
  CC      lib/zstd/common/error_private.o
  CC      lib/zstd/common/fse_decompress.o
  CC      lib/zstd/common/zstd_common.o
  AR      lib/zstd/built-in.a
  CC      lib/xz/xz_dec_syms.o
  CC      lib/xz/xz_dec_stream.o
  CC      lib/xz/xz_dec_lzma2.o
  AR      lib/xz/built-in.a
  CC      lib/lzma/LzFind.o
  CC      lib/lzma/LzmaEnc.o
  CC      lib/lzma/LzmaDec.o
  AR      lib/lzma/built-in.a
  CC      lib/dim/dim.o
  CC      lib/dim/net_dim.o
  CC      lib/dim/rdma_dim.o
  AR      lib/dim/built-in.a
  TEST    lib/test_fortify/read_overflow-memchr.log
  TEST    lib/test_fortify/read_overflow-memchr_inv.log
  TEST    lib/test_fortify/read_overflow-memcmp.log
  TEST    lib/test_fortify/read_overflow-memscan.log
  TEST    lib/test_fortify/read_overflow2-memcmp.log
  TEST    lib/test_fortify/read_overflow2-memcpy.log
  TEST    lib/test_fortify/read_overflow2-memmove.log
  TEST    lib/test_fortify/read_overflow2_field-memcpy.log
  TEST    lib/test_fortify/read_overflow2_field-memmove.log
  TEST    lib/test_fortify/write_overflow-memcpy.log
  TEST    lib/test_fortify/write_overflow-memmove.log
  TEST    lib/test_fortify/write_overflow-memset.log
  TEST    lib/test_fortify/write_overflow-strcpy-lit.log
  TEST    lib/test_fortify/write_overflow-strcpy.log
  TEST    lib/test_fortify/write_overflow-strncpy-src.log
  TEST    lib/test_fortify/write_overflow-strncpy.log
  TEST    lib/test_fortify/write_overflow-strscpy.log
  TEST    lib/test_fortify/write_overflow_field-memcpy.log
  TEST    lib/test_fortify/write_overflow_field-memmove.log
  TEST    lib/test_fortify/write_overflow_field-memset.log
  CAT     lib/test_fortify/test_fortify.log
  CC      lib/argv_split.o
  CC      lib/buildid.o
  CC      lib/cmdline.o
  CC      lib/cpumask.o
  CC      lib/ctype.o
  CC      lib/dec_and_lock.o
  CC      lib/decompress.o
  CC      lib/dump_stack.o
  CC      lib/earlycpio.o
  CC      lib/extable.o
  CC      lib/fdt.o
  CC      lib/fdt_addresses.o
  CC      lib/fdt_empty_tree.o
  CC      lib/fdt_ro.o
  CC      lib/fdt_rw.o
  CC      lib/fdt_strerror.o
  CC      lib/fdt_sw.o
  CC      lib/fdt_wip.o
  CC      lib/flex_proportions.o
  CC      lib/idr.o
  CC      lib/irq_regs.o
  CC      lib/is_single_threaded.o
  CC      lib/klist.o
  CC      lib/kobject.o
  CC      lib/kobject_uevent.o
  CC      lib/logic_pio.o
  CC      lib/maple_tree.o
  CC      lib/memcat_p.o
  CC      lib/nmi_backtrace.o
  CC      lib/objpool.o
  CC      lib/plist.o
  CC      lib/radix-tree.o
  CC      lib/ratelimit.o
  CC      lib/rbtree.o
  CC      lib/seq_buf.o
  CC      lib/siphash.o
  CC      lib/string.o
  CC      lib/timerqueue.o
  CC      lib/union_find.o
  CC      lib/vsprintf.o
  CC      lib/win_minmax.o
  CC      lib/xarray.o
  AR      lib/lib.a
  CC      lib/lockref.o
  CC      lib/bcd.o
  CC      lib/sort.o
  CC      lib/parser.o
  CC      lib/debug_locks.o
  CC      lib/random32.o
  CC      lib/bust_spinlocks.o
  CC      lib/kasprintf.o
  CC      lib/bitmap.o
  CC      lib/scatterlist.o
  CC      lib/list_sort.o
  CC      lib/uuid.o
  CC      lib/iov_iter.o
  CC      lib/clz_ctz.o
  CC      lib/bsearch.o
  CC      lib/find_bit.o
  CC      lib/llist.o
  CC      lib/lwq.o
  CC      lib/memweight.o
  CC      lib/kfifo.o
  CC      lib/percpu-refcount.o
  CC      lib/rhashtable.o
  CC      lib/base64.o
  CC      lib/once.o
  CC      lib/refcount.o
  CC      lib/rcuref.o
  CC      lib/usercopy.o
  CC      lib/errseq.o
  CC      lib/bucket_locks.o
  CC      lib/generic-radix-tree.o
  CC      lib/bitmap-str.o
  CC      lib/string_helpers.o
  CC      lib/hexdump.o
  CC      lib/kstrtox.o
  CC      lib/debug_info.o
  CC      lib/iomap.o
  CC      lib/iomap_copy.o
  CC      lib/devres.o
  CC      lib/hweight.o
  CC      lib/assoc_array.o
  CC      lib/list_debug.o
  CC      lib/bitrev.o
  CC      lib/crc16.o
  HOSTCC  lib/gen_crc32table
  GEN     lib/crc32table.h
  CC      lib/crc32.o
  CC      lib/xxhash.o
  CC      lib/textsearch.o
  CC      lib/percpu_counter.o
  CC      lib/syscall.o
  CC      lib/errname.o
  CC      lib/nlattr.o
  CC      lib/atomic64.o
  CC      lib/cpu_rmap.o
  CC      lib/dynamic_queue_limits.o
  CC      lib/net_utils.o
  CC      lib/sbitmap.o
  CC      lib/group_cpus.o
  CC      lib/ashldi3.o
  CC      lib/ashrdi3.o
  CC      lib/lshrdi3.o
  CC      lib/cmpdi2.o
  CC      lib/ucmpdi2.o
  AR      lib/built-in.a
  CC [M]  lib/crc-ccitt.o
  CC [M]  lib/libcrc32c.o
  CC      arch/mips/fw/cfe/cfe_api.o
  AR      arch/mips/fw/cfe/lib.a
  AR      arch/mips/fw/cfe/built-in.a
  CC      arch/mips/fw/lib/cmdline.o
  AR      arch/mips/fw/lib/lib.a
  AR      arch/mips/fw/lib/built-in.a
  CC      arch/mips/lib/bitops.o
  AS      arch/mips/lib/csum_partial.o
  CC      arch/mips/lib/delay.o
  AS      arch/mips/lib/memcpy.o
  AS      arch/mips/lib/memset.o
  CC      arch/mips/lib/mips-atomic.o
  AS      arch/mips/lib/strncpy_user.o
  AS      arch/mips/lib/strnlen_user.o
  CC      arch/mips/lib/uncached.o
  AR      arch/mips/lib/lib.a
  CC      arch/mips/lib/iomap_copy.o
  CC      arch/mips/lib/iomap-pci.o
  CC      arch/mips/lib/dump_tlb.o
  CC      arch/mips/lib/bswapsi.o
  CC      arch/mips/lib/bswapdi.o
  CC      arch/mips/lib/multi3.o
  AR      arch/mips/lib/built-in.a
  AR      drivers/cache/built-in.a
  CC      drivers/irqchip/irqchip.o
  CC      drivers/irqchip/irq-mips-cpu.o
  CC      drivers/irqchip/irq-bcm6345-ext.o
  CC      drivers/irqchip/irq-bcm6345-l1.o
  CC      drivers/irqchip/irq-bcm7120-l2.o
  AR      drivers/irqchip/built-in.a
  AR      drivers/bus/mhi/built-in.a
  CC      drivers/bus/simple-pm-bus.o
  AR      drivers/bus/built-in.a
  AR      drivers/phy/allwinner/built-in.a
  AR      drivers/phy/amlogic/built-in.a
  CC      drivers/phy/broadcom/phy-bcm63xx-usbh.o
  AR      drivers/phy/broadcom/built-in.a
  AR      drivers/phy/cadence/built-in.a
  AR      drivers/phy/freescale/built-in.a
  AR      drivers/phy/hisilicon/built-in.a
  AR      drivers/phy/ingenic/built-in.a
  AR      drivers/phy/intel/built-in.a
  AR      drivers/phy/lantiq/built-in.a
  AR      drivers/phy/marvell/built-in.a
  AR      drivers/phy/mediatek/built-in.a
  AR      drivers/phy/microchip/built-in.a
  AR      drivers/phy/motorola/built-in.a
  AR      drivers/phy/mscc/built-in.a
  AR      drivers/phy/nuvoton/built-in.a
  AR      drivers/phy/qualcomm/built-in.a
  AR      drivers/phy/ralink/built-in.a
  AR      drivers/phy/realtek/built-in.a
  AR      drivers/phy/renesas/built-in.a
  AR      drivers/phy/rockchip/built-in.a
  AR      drivers/phy/samsung/built-in.a
  AR      drivers/phy/socionext/built-in.a
  AR      drivers/phy/st/built-in.a
  AR      drivers/phy/starfive/built-in.a
  AR      drivers/phy/sunplus/built-in.a
  AR      drivers/phy/tegra/built-in.a
  AR      drivers/phy/ti/built-in.a
  AR      drivers/phy/xilinx/built-in.a
  CC      drivers/phy/phy-core.o
  AR      drivers/phy/built-in.a
  AR      drivers/pinctrl/actions/built-in.a
  CC      drivers/pinctrl/bcm/pinctrl-bcm63xx.o
  CC      drivers/pinctrl/bcm/pinctrl-bcm63268.o
  AR      drivers/pinctrl/bcm/built-in.a
  AR      drivers/pinctrl/cirrus/built-in.a
  AR      drivers/pinctrl/freescale/built-in.a
  AR      drivers/pinctrl/mediatek/built-in.a
  AR      drivers/pinctrl/mvebu/built-in.a
  AR      drivers/pinctrl/nomadik/built-in.a
  AR      drivers/pinctrl/nuvoton/built-in.a
  AR      drivers/pinctrl/nxp/built-in.a
  AR      drivers/pinctrl/qcom/built-in.a
  AR      drivers/pinctrl/sophgo/built-in.a
  AR      drivers/pinctrl/sprd/built-in.a
  AR      drivers/pinctrl/sunplus/built-in.a
  AR      drivers/pinctrl/ti/built-in.a
  CC      drivers/pinctrl/core.o
  CC      drivers/pinctrl/pinctrl-utils.o
  CC      drivers/pinctrl/pinmux.o
  CC      drivers/pinctrl/pinconf.o
  CC      drivers/pinctrl/pinconf-generic.o
  CC      drivers/pinctrl/devicetree.o
  CC      drivers/pinctrl/pinctrl-single.o
  AR      drivers/pinctrl/built-in.a
  CC      drivers/gpio/gpiolib.o
  CC      drivers/gpio/gpiolib-devres.o
  CC      drivers/gpio/gpiolib-legacy.o
  CC      drivers/gpio/gpiolib-of.o
  CC      drivers/gpio/gpiolib-cdev.o
  CC      drivers/gpio/gpiolib-sysfs.o
  CC      drivers/gpio/gpiolib-swnode.o
  CC      drivers/gpio/gpio-regmap.o
  CC      drivers/gpio/gpio-mmio.o
  AR      drivers/gpio/built-in.a
  AR      drivers/pwm/built-in.a
  AR      drivers/leds/rgb/built-in.a
  CC      drivers/leds/trigger/ledtrig-timer.o
  CC      drivers/leds/trigger/ledtrig-heartbeat.o
  CC      drivers/leds/trigger/ledtrig-default-on.o
  CC      drivers/leds/trigger/ledtrig-netdev.o
  AR      drivers/leds/trigger/built-in.a
  AR      drivers/leds/blink/built-in.a
  AR      drivers/leds/simple/built-in.a
  CC      drivers/leds/led-core.o
  CC      drivers/leds/led-class.o
  CC      drivers/leds/led-class-multicolor.o
  CC      drivers/leds/led-triggers.o
  AR      drivers/leds/built-in.a
  CC      drivers/pci/msi/pcidev_msi.o
  AR      drivers/pci/msi/built-in.a
  CC      drivers/pci/pcie/portdrv.o
  CC      drivers/pci/pcie/rcec.o
  CC      drivers/pci/pcie/aspm.o
  CC      drivers/pci/pcie/pme.o
  AR      drivers/pci/pcie/built-in.a
  AR      drivers/pci/pwrctl/built-in.a
  AR      drivers/pci/controller/dwc/built-in.a
  AR      drivers/pci/controller/mobiveil/built-in.a
  AR      drivers/pci/controller/plda/built-in.a
  CC      drivers/pci/controller/pcie-bcm6328.o
  AR      drivers/pci/controller/built-in.a
  AR      drivers/pci/switch/built-in.a
  CC      drivers/pci/access.o
  CC      drivers/pci/bus.o
  CC      drivers/pci/probe.o
  CC      drivers/pci/host-bridge.o
  CC      drivers/pci/remove.o
  CC      drivers/pci/pci.o
  CC      drivers/pci/pci-driver.o
  CC      drivers/pci/search.o
  CC      drivers/pci/rom.o
  CC      drivers/pci/setup-res.o
  CC      drivers/pci/irq.o
  CC      drivers/pci/vpd.o
  CC      drivers/pci/setup-bus.o
  CC      drivers/pci/vc.o
  CC      drivers/pci/mmap.o
  CC      drivers/pci/devres.o
  CC      drivers/pci/proc.o
  CC      drivers/pci/pci-sysfs.o
  CC      drivers/pci/slot.o
  CC      drivers/pci/iomap.o
  CC      drivers/pci/of.o
  CC      drivers/pci/quirks.o
  AR      drivers/pci/built-in.a
  AR      drivers/video/backlight/built-in.a
  AR      drivers/video/fbdev/core/built-in.a
  AR      drivers/video/fbdev/omap/built-in.a
  AR      drivers/video/fbdev/omap2/omapfb/dss/built-in.a
  AR      drivers/video/fbdev/omap2/omapfb/displays/built-in.a
  AR      drivers/video/fbdev/omap2/omapfb/built-in.a
  AR      drivers/video/fbdev/omap2/built-in.a
  AR      drivers/video/fbdev/built-in.a
  AR      drivers/video/built-in.a
  AR      drivers/idle/built-in.a
  AR      drivers/char/ipmi/built-in.a
  AR      drivers/amba/built-in.a
  AR      drivers/clk/actions/built-in.a
  AR      drivers/clk/analogbits/built-in.a
  CC      drivers/clk/bcm/clk-bcm63xx-gate.o
  CC      drivers/clk/bcm/clk-bcm63268-timer.o
  AR      drivers/clk/bcm/built-in.a
  AR      drivers/clk/imgtec/built-in.a
  AR      drivers/clk/imx/built-in.a
  AR      drivers/clk/ingenic/built-in.a
  AR      drivers/clk/keystone/built-in.a
  AR      drivers/clk/mediatek/built-in.a
  AR      drivers/clk/microchip/built-in.a
  AR      drivers/clk/mstar/built-in.a
  AR      drivers/clk/mvebu/built-in.a
  AR      drivers/clk/ralink/built-in.a
  AR      drivers/clk/renesas/built-in.a
  AR      drivers/clk/socfpga/built-in.a
  AR      drivers/clk/sophgo/built-in.a
  AR      drivers/clk/sprd/built-in.a
  AR      drivers/clk/starfive/built-in.a
  AR      drivers/clk/sunxi-ng/built-in.a
  AR      drivers/clk/ti/built-in.a
  AR      drivers/clk/versatile/built-in.a
  AR      drivers/clk/xilinx/built-in.a
  CC      drivers/clk/clk-devres.o
  CC      drivers/clk/clk-bulk.o
  CC      drivers/clk/clkdev.o
  CC      drivers/clk/clk.o
  CC      drivers/clk/clk-divider.o
  CC      drivers/clk/clk-fixed-factor.o
  CC      drivers/clk/clk-fixed-rate.o
  CC      drivers/clk/clk-gate.o
  CC      drivers/clk/clk-multiplier.o
  CC      drivers/clk/clk-mux.o
  CC      drivers/clk/clk-composite.o
  CC      drivers/clk/clk-fractional-divider.o
  CC      drivers/clk/clk-gpio.o
  CC      drivers/clk/clk-conf.o
  AR      drivers/clk/built-in.a
  AR      drivers/soc/apple/built-in.a
  AR      drivers/soc/aspeed/built-in.a
  AR      drivers/soc/bcm/built-in.a
  AR      drivers/soc/fsl/built-in.a
  AR      drivers/soc/fujitsu/built-in.a
  AR      drivers/soc/hisilicon/built-in.a
  AR      drivers/soc/imx/built-in.a
  AR      drivers/soc/ixp4xx/built-in.a
  AR      drivers/soc/loongson/built-in.a
  AR      drivers/soc/mediatek/built-in.a
  AR      drivers/soc/microchip/built-in.a
  AR      drivers/soc/nuvoton/built-in.a
  AR      drivers/soc/pxa/built-in.a
  AR      drivers/soc/amlogic/built-in.a
  AR      drivers/soc/qcom/built-in.a
  AR      drivers/soc/renesas/built-in.a
  AR      drivers/soc/rockchip/built-in.a
  AR      drivers/soc/sunxi/built-in.a
  AR      drivers/soc/ti/built-in.a
  AR      drivers/soc/versatile/built-in.a
  AR      drivers/soc/xilinx/built-in.a
  AR      drivers/soc/built-in.a
  AR      drivers/pmdomain/actions/built-in.a
  AR      drivers/pmdomain/amlogic/built-in.a
  AR      drivers/pmdomain/apple/built-in.a
  AR      drivers/pmdomain/arm/built-in.a
  CC      drivers/pmdomain/bcm/bcm63xx-power.o
  AR      drivers/pmdomain/bcm/built-in.a
  AR      drivers/pmdomain/imx/built-in.a
  AR      drivers/pmdomain/mediatek/built-in.a
  AR      drivers/pmdomain/qcom/built-in.a
  AR      drivers/pmdomain/renesas/built-in.a
  AR      drivers/pmdomain/rockchip/built-in.a
  AR      drivers/pmdomain/samsung/built-in.a
  AR      drivers/pmdomain/st/built-in.a
  AR      drivers/pmdomain/starfive/built-in.a
  AR      drivers/pmdomain/sunxi/built-in.a
  AR      drivers/pmdomain/tegra/built-in.a
  AR      drivers/pmdomain/ti/built-in.a
  AR      drivers/pmdomain/xilinx/built-in.a
  CC      drivers/pmdomain/core.o
  CC      drivers/pmdomain/governor.o
  AR      drivers/pmdomain/built-in.a
  AR      drivers/virtio/built-in.a
  AR      drivers/reset/hisilicon/built-in.a
  AR      drivers/reset/starfive/built-in.a
  AR      drivers/reset/sti/built-in.a
  AR      drivers/reset/tegra/built-in.a
  CC      drivers/reset/core.o
  CC      drivers/reset/reset-bcm6345.o
  AR      drivers/reset/built-in.a
  AR      drivers/tty/vt/built-in.a
  AR      drivers/tty/serial/8250/built-in.a
  CC      drivers/tty/serial/serial_core.o
  CC      drivers/tty/serial/serial_base_bus.o
  CC      drivers/tty/serial/serial_ctrl.o
  CC      drivers/tty/serial/serial_port.o
  CC      drivers/tty/serial/earlycon.o
  CC      drivers/tty/serial/bcm63xx_uart.o
  AR      drivers/tty/serial/built-in.a
  AR      drivers/tty/ipwireless/built-in.a
  CC      drivers/tty/tty_io.o
  CC      drivers/tty/n_tty.o
  CC      drivers/tty/tty_ioctl.o
  CC      drivers/tty/tty_ldisc.o
  CC      drivers/tty/tty_buffer.o
  CC      drivers/tty/tty_port.o
  CC      drivers/tty/tty_mutex.o
  CC      drivers/tty/tty_ldsem.o
  CC      drivers/tty/tty_baudrate.o
  CC      drivers/tty/tty_jobctrl.o
  CC      drivers/tty/n_null.o
  CC      drivers/tty/pty.o
  CC      drivers/tty/sysrq.o
  AR      drivers/tty/built-in.a
  CC      drivers/char/hw_random/core.o
  CC      drivers/char/hw_random/bcm2835-rng.o
  AR      drivers/char/hw_random/built-in.a
  AR      drivers/char/agp/built-in.a
  CC      drivers/char/mem.o
  CC      drivers/char/random.o
  CC      drivers/char/misc.o
  AR      drivers/char/built-in.a
  AR      drivers/iommu/amd/built-in.a
  AR      drivers/iommu/intel/built-in.a
  AR      drivers/iommu/arm/arm-smmu/built-in.a
  AR      drivers/iommu/arm/arm-smmu-v3/built-in.a
  AR      drivers/iommu/arm/built-in.a
  AR      drivers/iommu/iommufd/built-in.a
  AR      drivers/iommu/built-in.a
  AR      drivers/gpu/host1x/built-in.a
  AR      drivers/gpu/drm/tests/built-in.a
  AR      drivers/gpu/drm/arm/built-in.a
  AR      drivers/gpu/drm/display/built-in.a
  AR      drivers/gpu/drm/renesas/rcar-du/built-in.a
  AR      drivers/gpu/drm/renesas/rz-du/built-in.a
  AR      drivers/gpu/drm/renesas/built-in.a
  AR      drivers/gpu/drm/omapdrm/built-in.a
  AR      drivers/gpu/drm/tilcdc/built-in.a
  AR      drivers/gpu/drm/imx/built-in.a
  AR      drivers/gpu/drm/i2c/built-in.a
  AR      drivers/gpu/drm/panel/built-in.a
  AR      drivers/gpu/drm/bridge/analogix/built-in.a
  AR      drivers/gpu/drm/bridge/cadence/built-in.a
  AR      drivers/gpu/drm/bridge/imx/built-in.a
  AR      drivers/gpu/drm/bridge/synopsys/built-in.a
  AR      drivers/gpu/drm/bridge/built-in.a
  AR      drivers/gpu/drm/hisilicon/built-in.a
  AR      drivers/gpu/drm/mxsfb/built-in.a
  AR      drivers/gpu/drm/tiny/built-in.a
  AR      drivers/gpu/drm/xlnx/built-in.a
  AR      drivers/gpu/drm/gud/built-in.a
  AR      drivers/gpu/drm/solomon/built-in.a
  AR      drivers/gpu/drm/built-in.a
  AR      drivers/gpu/vga/built-in.a
  AR      drivers/gpu/built-in.a
  CC      drivers/base/power/sysfs.o
  CC      drivers/base/power/generic_ops.o
  CC      drivers/base/power/common.o
  CC      drivers/base/power/qos.o
  CC      drivers/base/power/runtime.o
  CC      drivers/base/power/wakeirq.o
  CC      drivers/base/power/clock_ops.o
  AR      drivers/base/power/built-in.a
  CC      drivers/base/firmware_loader/builtin/main.o
  AR      drivers/base/firmware_loader/builtin/built-in.a
  CC      drivers/base/firmware_loader/fallback_table.o
  CC      drivers/base/firmware_loader/main.o
  CC      drivers/base/firmware_loader/fallback.o
  CC      drivers/base/firmware_loader/sysfs.o
  AR      drivers/base/firmware_loader/built-in.a
  CC      drivers/base/regmap/regmap.o
  CC      drivers/base/regmap/regcache.o
  CC      drivers/base/regmap/regcache-rbtree.o
  CC      drivers/base/regmap/regcache-flat.o
  CC      drivers/base/regmap/regcache-maple.o
  CC      drivers/base/regmap/regmap-debugfs.o
  CC      drivers/base/regmap/regmap-mmio.o
  AR      drivers/base/regmap/built-in.a
  AR      drivers/base/test/built-in.a
  CC      drivers/base/component.o
  CC      drivers/base/core.o
  CC      drivers/base/bus.o
  CC      drivers/base/dd.o
  CC      drivers/base/syscore.o
  CC      drivers/base/driver.o
  CC      drivers/base/class.o
  CC      drivers/base/platform.o
  CC      drivers/base/cpu.o
  CC      drivers/base/firmware.o
  CC      drivers/base/init.o
  CC      drivers/base/map.o
  CC      drivers/base/devres.o
  CC      drivers/base/attribute_container.o
  CC      drivers/base/transport_class.o
  CC      drivers/base/topology.o
  CC      drivers/base/container.o
  CC      drivers/base/property.o
  CC      drivers/base/cacheinfo.o
  CC      drivers/base/swnode.o
  CC      drivers/base/faux.o
  CC      drivers/base/module.o
  CC      drivers/base/pinctrl.o
  AR      drivers/base/built-in.a
  AR      drivers/block/built-in.a
  AR      drivers/misc/eeprom/built-in.a
  AR      drivers/misc/cb710/built-in.a
  AR      drivers/misc/ti-st/built-in.a
  AR      drivers/misc/lis3lv02d/built-in.a
  AR      drivers/misc/cardreader/built-in.a
  AR      drivers/misc/keba/built-in.a
  AR      drivers/misc/built-in.a
  CC      drivers/mfd/syscon.o
  AR      drivers/mfd/built-in.a
  AR      drivers/nfc/built-in.a
  AR      drivers/dax/hmem/built-in.a
  AR      drivers/dax/built-in.a
  AR      drivers/cxl/core/built-in.a
  AR      drivers/cxl/built-in.a
  AR      drivers/macintosh/built-in.a
  AR      drivers/scsi/built-in.a
  AR      drivers/nvme/common/built-in.a
  AR      drivers/nvme/host/built-in.a
  AR      drivers/nvme/target/built-in.a
  AR      drivers/nvme/built-in.a
  CC      drivers/mtd/parsers/ofpart_core.o
  AR      drivers/mtd/parsers/built-in.a
  CC      drivers/mtd/mtdsplit/mtdsplit.o
  CC      drivers/mtd/mtdsplit/mtdsplit_bcm63xx.o
  CC      drivers/mtd/mtdsplit/mtdsplit_bcm_wfi.o
  CC      drivers/mtd/mtdsplit/mtdsplit_squashfs.o
  AR      drivers/mtd/mtdsplit/built-in.a
  CC      drivers/mtd/chips/chipreg.o
  CC      drivers/mtd/chips/cfi_probe.o
  CC      drivers/mtd/chips/cfi_util.o
  CC      drivers/mtd/chips/cfi_cmdset_0020.o
  CC      drivers/mtd/chips/cfi_cmdset_0002.o
  CC      drivers/mtd/chips/cfi_cmdset_0001.o
  CC      drivers/mtd/chips/gen_probe.o
  CC      drivers/mtd/chips/jedec_probe.o
  AR      drivers/mtd/chips/built-in.a
  AR      drivers/mtd/lpddr/built-in.a
  CC      drivers/mtd/maps/map_funcs.o
  AR      drivers/mtd/maps/built-in.a
  AR      drivers/mtd/devices/built-in.a
  AR      drivers/mtd/nand/onenand/built-in.a
  AR      drivers/mtd/nand/raw/ingenic/built-in.a
  CC      drivers/mtd/nand/raw/brcmnand/bcm6368_nand.o
  CC      drivers/mtd/nand/raw/brcmnand/brcmnand.o
  AR      drivers/mtd/nand/raw/brcmnand/built-in.a
  CC      drivers/mtd/nand/raw/nand_base.o
  CC      drivers/mtd/nand/raw/nand_legacy.o
  CC      drivers/mtd/nand/raw/nand_bbt.o
  CC      drivers/mtd/nand/raw/nand_timings.o
  CC      drivers/mtd/nand/raw/nand_ids.o
  CC      drivers/mtd/nand/raw/nand_onfi.o
  CC      drivers/mtd/nand/raw/nand_jedec.o
  CC      drivers/mtd/nand/raw/nand_amd.o
  CC      drivers/mtd/nand/raw/nand_esmt.o
  CC      drivers/mtd/nand/raw/nand_hynix.o
  CC      drivers/mtd/nand/raw/nand_macronix.o
  CC      drivers/mtd/nand/raw/nand_micron.o
  CC      drivers/mtd/nand/raw/nand_sandisk.o
  CC      drivers/mtd/nand/raw/nand_samsung.o
  CC      drivers/mtd/nand/raw/nand_toshiba.o
  AR      drivers/mtd/nand/raw/built-in.a
  AR      drivers/mtd/nand/spi/built-in.a
  CC      drivers/mtd/nand/core.o
  CC      drivers/mtd/nand/bbt.o
  CC      drivers/mtd/nand/ecc.o
  CC      drivers/mtd/nand/ecc-sw-hamming.o
  AR      drivers/mtd/nand/built-in.a
  AR      drivers/mtd/tests/built-in.a
  AR      drivers/mtd/spi-nor/controllers/built-in.a
  CC      drivers/mtd/spi-nor/core.o
  CC      drivers/mtd/spi-nor/sfdp.o
  CC      drivers/mtd/spi-nor/swp.o
  CC      drivers/mtd/spi-nor/otp.o
  CC      drivers/mtd/spi-nor/sysfs.o
  CC      drivers/mtd/spi-nor/atmel.o
  CC      drivers/mtd/spi-nor/eon.o
  CC      drivers/mtd/spi-nor/esmt.o
  CC      drivers/mtd/spi-nor/everspin.o
  CC      drivers/mtd/spi-nor/gigadevice.o
  CC      drivers/mtd/spi-nor/intel.o
  CC      drivers/mtd/spi-nor/issi.o
  CC      drivers/mtd/spi-nor/macronix.o
  CC      drivers/mtd/spi-nor/micron-st.o
  CC      drivers/mtd/spi-nor/spansion.o
  CC      drivers/mtd/spi-nor/sst.o
  CC      drivers/mtd/spi-nor/winbond.o
  CC      drivers/mtd/spi-nor/xmc.o
  CC      drivers/mtd/spi-nor/xtx.o
  CC      drivers/mtd/spi-nor/debugfs.o
  AR      drivers/mtd/spi-nor/built-in.a
  CC      drivers/mtd/ubi/vtbl.o
  CC      drivers/mtd/ubi/vmt.o
  CC      drivers/mtd/ubi/upd.o
  CC      drivers/mtd/ubi/build.o
  CC      drivers/mtd/ubi/cdev.o
  CC      drivers/mtd/ubi/kapi.o
  CC      drivers/mtd/ubi/eba.o
  CC      drivers/mtd/ubi/io.o
  CC      drivers/mtd/ubi/wl.o
  CC      drivers/mtd/ubi/attach.o
  CC      drivers/mtd/ubi/misc.o
  CC      drivers/mtd/ubi/debug.o
  CC      drivers/mtd/ubi/block.o
  AR      drivers/mtd/ubi/built-in.a
  AR      drivers/mtd/composite/built-in.a
  CC      drivers/mtd/mtdcore.o
  CC      drivers/mtd/mtdsuper.o
  CC      drivers/mtd/mtdconcat.o
  CC      drivers/mtd/mtdpart.o
  CC      drivers/mtd/mtdchar.o
  CC      drivers/mtd/mtd_blkdevs.o
  CC      drivers/mtd/mtdblock.o
  AR      drivers/mtd/built-in.a
  CC      drivers/spi/spi.o
  CC      drivers/spi/spi-mem.o
  CC      drivers/spi/spi-bcm63xx.o
  CC      drivers/spi/spi-bcm63xx-hsspi.o
  AR      drivers/spi/built-in.a
  AR      drivers/net/phy/mediatek/built-in.a
  AR      drivers/net/phy/qcom/built-in.a
  AR      drivers/net/phy/rtl8261n/built-in.a
  CC      drivers/net/phy/mdio-boardinfo.o
  CC      drivers/net/phy/stubs.o
  CC      drivers/net/phy/mdio_devres.o
  CC      drivers/net/phy/phylink.o
  CC      drivers/net/phy/phy.o
  CC      drivers/net/phy/phy-c45.o
  CC      drivers/net/phy/phy-core.o
  CC      drivers/net/phy/phy_device.o
  CC      drivers/net/phy/linkmode.o
  CC      drivers/net/phy/phy_link_topology.o
  CC      drivers/net/phy/mdio_bus.o
  CC      drivers/net/phy/mdio_device.o
  CC      drivers/net/phy/swphy.o
  CC      drivers/net/phy/fixed_phy.o
  AR      drivers/net/phy/built-in.a
  AR      drivers/net/pse-pd/built-in.a
  CC      drivers/net/mdio/fwnode_mdio.o
  CC      drivers/net/mdio/of_mdio.o
  CC      drivers/net/mdio/mdio-mux.o
  CC      drivers/net/mdio/mdio-mux-bcm6368.o
  AR      drivers/net/mdio/built-in.a
  AR      drivers/net/pcs/built-in.a
  CC      drivers/net/dsa/b53/b53_common.o
  CC      drivers/net/dsa/b53/b53_spi.o
  CC      drivers/net/dsa/b53/b53_mdio.o
  CC      drivers/net/dsa/b53/b53_mmap.o
  AR      drivers/net/dsa/b53/built-in.a
  AR      drivers/net/dsa/hirschmann/built-in.a
  AR      drivers/net/dsa/microchip/built-in.a
  AR      drivers/net/dsa/mv88e6xxx/built-in.a
  AR      drivers/net/dsa/mxl862xx/built-in.a
  AR      drivers/net/dsa/ocelot/built-in.a
  AR      drivers/net/dsa/qca/built-in.a
  AR      drivers/net/dsa/realtek/built-in.a
  AR      drivers/net/dsa/sja1105/built-in.a
  AR      drivers/net/dsa/xrs700x/built-in.a
  AR      drivers/net/dsa/built-in.a
  AR      drivers/net/ethernet/3com/built-in.a
  AR      drivers/net/ethernet/8390/built-in.a
  AR      drivers/net/ethernet/adaptec/built-in.a
  AR      drivers/net/ethernet/adi/built-in.a
  AR      drivers/net/ethernet/agere/built-in.a
  AR      drivers/net/ethernet/alacritech/built-in.a
  AR      drivers/net/ethernet/alteon/built-in.a
  AR      drivers/net/ethernet/amazon/built-in.a
  AR      drivers/net/ethernet/amd/built-in.a
  AR      drivers/net/ethernet/aquantia/built-in.a
  AR      drivers/net/ethernet/arc/built-in.a
  AR      drivers/net/ethernet/atheros/built-in.a
  AR      drivers/net/ethernet/cadence/built-in.a
  CC      drivers/net/ethernet/broadcom/bcm6368-enetsw.o
  CC      drivers/net/ethernet/broadcom/bgmac.o
  CC      drivers/net/ethernet/broadcom/bgmac-platform.o
  AR      drivers/net/ethernet/broadcom/built-in.a
  AR      drivers/net/ethernet/brocade/built-in.a
  AR      drivers/net/ethernet/cavium/common/built-in.a
  AR      drivers/net/ethernet/cavium/thunder/built-in.a
  AR      drivers/net/ethernet/cavium/liquidio/built-in.a
  AR      drivers/net/ethernet/cavium/octeon/built-in.a
  AR      drivers/net/ethernet/cavium/built-in.a
  AR      drivers/net/ethernet/chelsio/built-in.a
  AR      drivers/net/ethernet/cisco/built-in.a
  AR      drivers/net/ethernet/cortina/built-in.a
  AR      drivers/net/ethernet/dec/built-in.a
  AR      drivers/net/ethernet/dlink/built-in.a
  AR      drivers/net/ethernet/emulex/built-in.a
  AR      drivers/net/ethernet/ezchip/built-in.a
  AR      drivers/net/ethernet/google/built-in.a
  AR      drivers/net/ethernet/huawei/built-in.a
  AR      drivers/net/ethernet/intel/built-in.a
  AR      drivers/net/ethernet/i825xx/built-in.a
  AR      drivers/net/ethernet/marvell/octeon_ep/built-in.a
  AR      drivers/net/ethernet/marvell/octeon_ep_vf/built-in.a
  AR      drivers/net/ethernet/marvell/octeontx2/built-in.a
  AR      drivers/net/ethernet/marvell/prestera/built-in.a
  AR      drivers/net/ethernet/marvell/built-in.a
  AR      drivers/net/ethernet/mellanox/built-in.a
  AR      drivers/net/ethernet/meta/built-in.a
  AR      drivers/net/ethernet/micrel/built-in.a
  AR      drivers/net/ethernet/microchip/built-in.a
  AR      drivers/net/ethernet/mscc/built-in.a
  AR      drivers/net/ethernet/myricom/built-in.a
  AR      drivers/net/ethernet/natsemi/built-in.a
  AR      drivers/net/ethernet/neterion/built-in.a
  AR      drivers/net/ethernet/netronome/built-in.a
  AR      drivers/net/ethernet/ni/built-in.a
  AR      drivers/net/ethernet/nvidia/built-in.a
  AR      drivers/net/ethernet/oki-semi/built-in.a
  AR      drivers/net/ethernet/packetengines/built-in.a
  AR      drivers/net/ethernet/qlogic/built-in.a
  AR      drivers/net/ethernet/qualcomm/emac/built-in.a
  AR      drivers/net/ethernet/qualcomm/built-in.a
  AR      drivers/net/ethernet/realtek/built-in.a
  AR      drivers/net/ethernet/renesas/built-in.a
  AR      drivers/net/ethernet/rdc/built-in.a
  AR      drivers/net/ethernet/rocker/built-in.a
  AR      drivers/net/ethernet/samsung/built-in.a
  AR      drivers/net/ethernet/seeq/built-in.a
  AR      drivers/net/ethernet/silan/built-in.a
  AR      drivers/net/ethernet/sis/built-in.a
  AR      drivers/net/ethernet/sfc/built-in.a
  AR      drivers/net/ethernet/smsc/built-in.a
  AR      drivers/net/ethernet/socionext/built-in.a
  AR      drivers/net/ethernet/stmicro/built-in.a
  AR      drivers/net/ethernet/sun/built-in.a
  AR      drivers/net/ethernet/tehuti/built-in.a
  AR      drivers/net/ethernet/ti/built-in.a
  AR      drivers/net/ethernet/toshiba/built-in.a
  AR      drivers/net/ethernet/via/built-in.a
  AR      drivers/net/ethernet/wiznet/built-in.a
  AR      drivers/net/ethernet/xilinx/built-in.a
  AR      drivers/net/ethernet/synopsys/built-in.a
  AR      drivers/net/ethernet/pensando/built-in.a
  AR      drivers/net/ethernet/built-in.a
  AR      drivers/net/wireless/virtual/built-in.a
  AR      drivers/net/wireless/built-in.a
  CC [M]  drivers/net/ppp/ppp_generic.o
  CC [M]  drivers/net/ppp/ppp_async.o
  CC [M]  drivers/net/ppp/pppox.o
  CC [M]  drivers/net/ppp/pppoe.o
  CC [M]  drivers/net/slip/slhc.o
  CC      drivers/net/loopback.o
  AR      drivers/net/built-in.a
  AR      drivers/firewire/built-in.a
  AR      drivers/cdrom/built-in.a
  AR      drivers/auxdisplay/built-in.a
  CC      drivers/usb/phy/of.o
  AR      drivers/usb/phy/built-in.a
  AR      drivers/usb/built-in.a
  CC      drivers/rtc/lib.o
  AR      drivers/rtc/built-in.a
  AR      drivers/i2c/algos/built-in.a
  AR      drivers/i2c/busses/built-in.a
  AR      drivers/i2c/muxes/built-in.a
  AR      drivers/i2c/built-in.a
  AR      drivers/i3c/built-in.a
  AR      drivers/media/i2c/built-in.a
  AR      drivers/media/tuners/built-in.a
  AR      drivers/media/rc/keymaps/built-in.a
  AR      drivers/media/rc/built-in.a
  AR      drivers/media/common/b2c2/built-in.a
  AR      drivers/media/common/saa7146/built-in.a
  AR      drivers/media/common/siano/built-in.a
  AR      drivers/media/common/v4l2-tpg/built-in.a
  AR      drivers/media/common/videobuf2/built-in.a
  AR      drivers/media/common/built-in.a
  AR      drivers/media/platform/allegro-dvt/built-in.a
  AR      drivers/media/platform/amlogic/meson-ge2d/built-in.a
  AR      drivers/media/platform/amlogic/built-in.a
  AR      drivers/media/platform/amphion/built-in.a
  AR      drivers/media/platform/aspeed/built-in.a
  AR      drivers/media/platform/atmel/built-in.a
  AR      drivers/media/platform/broadcom/built-in.a
  AR      drivers/media/platform/cadence/built-in.a
  AR      drivers/media/platform/chips-media/coda/built-in.a
  AR      drivers/media/platform/chips-media/wave5/built-in.a
  AR      drivers/media/platform/chips-media/built-in.a
  AR      drivers/media/platform/imagination/built-in.a
  AR      drivers/media/platform/intel/built-in.a
  AR      drivers/media/platform/marvell/built-in.a
  AR      drivers/media/platform/mediatek/jpeg/built-in.a
  AR      drivers/media/platform/mediatek/mdp/built-in.a
  AR      drivers/media/platform/mediatek/vcodec/common/built-in.a
  AR      drivers/media/platform/mediatek/vcodec/encoder/built-in.a
  AR      drivers/media/platform/mediatek/vcodec/decoder/built-in.a
  AR      drivers/media/platform/mediatek/vcodec/built-in.a
  AR      drivers/media/platform/mediatek/vpu/built-in.a
  AR      drivers/media/platform/mediatek/mdp3/built-in.a
  AR      drivers/media/platform/mediatek/built-in.a
  AR      drivers/media/platform/microchip/built-in.a
  AR      drivers/media/platform/nuvoton/built-in.a
  AR      drivers/media/platform/nvidia/tegra-vde/built-in.a
  AR      drivers/media/platform/nvidia/built-in.a
  AR      drivers/media/platform/nxp/dw100/built-in.a
  AR      drivers/media/platform/nxp/imx-jpeg/built-in.a
  AR      drivers/media/platform/nxp/imx8-isi/built-in.a
  AR      drivers/media/platform/nxp/built-in.a
  AR      drivers/media/platform/qcom/camss/built-in.a
  AR      drivers/media/platform/qcom/venus/built-in.a
  AR      drivers/media/platform/qcom/built-in.a
  AR      drivers/media/platform/raspberrypi/pisp_be/built-in.a
  AR      drivers/media/platform/raspberrypi/built-in.a
  AR      drivers/media/platform/renesas/rcar-vin/built-in.a
  AR      drivers/media/platform/renesas/rzg2l-cru/built-in.a
  AR      drivers/media/platform/renesas/vsp1/built-in.a
  AR      drivers/media/platform/renesas/built-in.a
  AR      drivers/media/platform/rockchip/rga/built-in.a
  AR      drivers/media/platform/rockchip/rkisp1/built-in.a
  AR      drivers/media/platform/rockchip/built-in.a
  AR      drivers/media/platform/samsung/exynos-gsc/built-in.a
  AR      drivers/media/platform/samsung/exynos4-is/built-in.a
  AR      drivers/media/platform/samsung/s3c-camif/built-in.a
  AR      drivers/media/platform/samsung/s5p-g2d/built-in.a
  AR      drivers/media/platform/samsung/s5p-jpeg/built-in.a
  AR      drivers/media/platform/samsung/s5p-mfc/built-in.a
  AR      drivers/media/platform/samsung/built-in.a
  AR      drivers/media/platform/st/sti/bdisp/built-in.a
  AR      drivers/media/platform/st/sti/c8sectpfe/built-in.a
  AR      drivers/media/platform/st/sti/delta/built-in.a
  AR      drivers/media/platform/st/sti/hva/built-in.a
  AR      drivers/media/platform/st/stm32/built-in.a
  AR      drivers/media/platform/st/built-in.a
  AR      drivers/media/platform/sunxi/sun4i-csi/built-in.a
  AR      drivers/media/platform/sunxi/sun6i-csi/built-in.a
  AR      drivers/media/platform/sunxi/sun6i-mipi-csi2/built-in.a
  AR      drivers/media/platform/sunxi/sun8i-a83t-mipi-csi2/built-in.a
  AR      drivers/media/platform/sunxi/sun8i-di/built-in.a
  AR      drivers/media/platform/sunxi/sun8i-rotate/built-in.a
  AR      drivers/media/platform/sunxi/built-in.a
  AR      drivers/media/platform/ti/am437x/built-in.a
  AR      drivers/media/platform/ti/cal/built-in.a
  AR      drivers/media/platform/ti/vpe/built-in.a
  AR      drivers/media/platform/ti/davinci/built-in.a
  AR      drivers/media/platform/ti/j721e-csi2rx/built-in.a
  AR      drivers/media/platform/ti/omap/built-in.a
  AR      drivers/media/platform/ti/omap3isp/built-in.a
  AR      drivers/media/platform/ti/built-in.a
  AR      drivers/media/platform/verisilicon/built-in.a
  AR      drivers/media/platform/via/built-in.a
  AR      drivers/media/platform/xilinx/built-in.a
  AR      drivers/media/platform/built-in.a
  AR      drivers/media/pci/ttpci/built-in.a
  AR      drivers/media/pci/b2c2/built-in.a
  AR      drivers/media/pci/pluto2/built-in.a
  AR      drivers/media/pci/dm1105/built-in.a
  AR      drivers/media/pci/pt1/built-in.a
  AR      drivers/media/pci/pt3/built-in.a
  AR      drivers/media/pci/mantis/built-in.a
  AR      drivers/media/pci/ngene/built-in.a
  AR      drivers/media/pci/ddbridge/built-in.a
  AR      drivers/media/pci/saa7146/built-in.a
  AR      drivers/media/pci/smipcie/built-in.a
  AR      drivers/media/pci/netup_unidvb/built-in.a
  AR      drivers/media/pci/intel/ipu3/built-in.a
  AR      drivers/media/pci/intel/ivsc/built-in.a
  AR      drivers/media/pci/intel/built-in.a
  AR      drivers/media/pci/built-in.a
  AR      drivers/media/usb/b2c2/built-in.a
  AR      drivers/media/usb/dvb-usb/built-in.a
  AR      drivers/media/usb/dvb-usb-v2/built-in.a
  AR      drivers/media/usb/s2255/built-in.a
  AR      drivers/media/usb/siano/built-in.a
  AR      drivers/media/usb/ttusb-budget/built-in.a
  AR      drivers/media/usb/ttusb-dec/built-in.a
  AR      drivers/media/usb/built-in.a
  AR      drivers/media/mmc/siano/built-in.a
  AR      drivers/media/mmc/built-in.a
  AR      drivers/media/firewire/built-in.a
  AR      drivers/media/spi/built-in.a
  AR      drivers/media/test-drivers/built-in.a
  AR      drivers/media/built-in.a
  AR      drivers/ptp/built-in.a
  CC      drivers/power/reset/syscon-reboot.o
  AR      drivers/power/reset/built-in.a
  CC      drivers/power/supply/power_supply_core.o
  CC      drivers/power/supply/power_supply_sysfs.o
  CC      drivers/power/supply/power_supply_leds.o
  AR      drivers/power/supply/built-in.a
  AR      drivers/power/built-in.a
  CC      drivers/watchdog/watchdog_core.o
  CC      drivers/watchdog/watchdog_dev.o
  CC      drivers/watchdog/bcm7038_wdt.o
  AR      drivers/watchdog/built-in.a
  AR      drivers/isdn/hardware/built-in.a
  AR      drivers/isdn/built-in.a
  AR      drivers/mmc/built-in.a
  AR      drivers/ufs/built-in.a
  AR      drivers/firmware/arm_ffa/built-in.a
  AR      drivers/firmware/arm_scmi/built-in.a
  AR      drivers/firmware/broadcom/built-in.a
  AR      drivers/firmware/cirrus/built-in.a
  AR      drivers/firmware/meson/built-in.a
  AR      drivers/firmware/microchip/built-in.a
  AR      drivers/firmware/efi/built-in.a
  AR      drivers/firmware/imx/built-in.a
  AR      drivers/firmware/psci/built-in.a
  AR      drivers/firmware/qcom/built-in.a
  AR      drivers/firmware/smccc/built-in.a
  AR      drivers/firmware/tegra/built-in.a
  AR      drivers/firmware/xilinx/built-in.a
  AR      drivers/firmware/built-in.a
  AR      drivers/crypto/stm32/built-in.a
  AR      drivers/crypto/xilinx/built-in.a
  AR      drivers/crypto/hisilicon/built-in.a
  AR      drivers/crypto/intel/keembay/built-in.a
  AR      drivers/crypto/intel/ixp4xx/built-in.a
  AR      drivers/crypto/intel/built-in.a
  AR      drivers/crypto/starfive/built-in.a
  AR      drivers/crypto/built-in.a
  AR      drivers/clocksource/built-in.a
  CC      drivers/of/base.o
  CC      drivers/of/cpu.o
  CC      drivers/of/device.o
  CC      drivers/of/module.o
  CC      drivers/of/platform.o
  CC      drivers/of/property.o
  CC      drivers/of/kobj.o
  CC      drivers/of/fdt.o
  DTC     drivers/of/empty_root.dtb
  WRAP    drivers/of/empty_root.dtb.S
  AS      drivers/of/empty_root.dtb.o
  CC      drivers/of/fdt_address.o
  CC      drivers/of/address.o
  CC      drivers/of/irq.o
  CC      drivers/of/of_reserved_mem.o
  AR      drivers/of/built-in.a
  AR      drivers/staging/media/built-in.a
  AR      drivers/staging/built-in.a
  AR      drivers/platform/mips/built-in.a
  AR      drivers/platform/built-in.a
  AR      drivers/hwtracing/intel_th/built-in.a
  AR      drivers/android/built-in.a
  AR      drivers/nvmem/layouts/built-in.a
  CC      drivers/nvmem/core.o
  CC      drivers/nvmem/layouts.o
  AR      drivers/nvmem/built-in.a
  AR      drivers/built-in.a
  AR      sound/built-in.a
  CC      net/core/sock.o
  CC      net/core/request_sock.o
  CC      net/core/skbuff.o
  CC      net/core/datagram.o
  CC      net/core/stream.o
  CC      net/core/scm.o
  CC      net/core/gen_stats.o
  CC      net/core/gen_estimator.o
  CC      net/core/net_namespace.o
  CC      net/core/secure_seq.o
  CC      net/core/flow_dissector.o
  CC      net/core/sysctl_net_core.o
  CC      net/core/dev.o
  CC      net/core/dev_addr_lists.o
  CC      net/core/dst.o
  CC      net/core/netevent.o
  CC      net/core/neighbour.o
  CC      net/core/rtnetlink.o
  CC      net/core/utils.o
  CC      net/core/link_watch.o
  CC      net/core/filter.o
  CC      net/core/dev_ioctl.o
  CC      net/core/tso.o
  CC      net/core/sock_reuseport.o
  CC      net/core/fib_notifier.o
  CC      net/core/xdp.o
  CC      net/core/flow_offload.o
  CC      net/core/gro.o
  CC      net/core/netdev-genl.o
  CC      net/core/netdev-genl-gen.o
  CC      net/core/gso.o
  CC      net/core/net-sysfs.o
  CC      net/core/hotdata.o
  CC      net/core/netdev_rx_queue.o
  CC      net/core/page_pool.o
  CC      net/core/page_pool_user.o
  CC      net/core/net-procfs.o
  CC      net/core/fib_rules.o
  CC      net/core/selftests.o
  CC      net/core/lwtunnel.o
  CC      net/core/dst_cache.o
  CC      net/core/gro_cells.o
  CC      net/core/skmsg.o
  CC      net/core/sock_map.o
  CC      net/core/bpf_sk_storage.o
  CC      net/core/of_net.o
  AR      net/core/built-in.a
  CC      net/llc/llc_core.o
  CC      net/llc/llc_input.o
  CC      net/llc/llc_output.o
  AR      net/llc/built-in.a
  CC      net/ethernet/eth.o
  AR      net/ethernet/built-in.a
  CC      net/802/p8022.o
  CC      net/802/psnap.o
  CC      net/802/stp.o
  AR      net/802/built-in.a
  CC      net/sched/sch_generic.o
  CC      net/sched/sch_mq.o
  CC      net/sched/sch_frag.o
  CC      net/sched/sch_api.o
  CC      net/sched/sch_blackhole.o
  CC      net/sched/sch_fifo.o
  CC      net/sched/sch_fq_codel.o
  AR      net/sched/built-in.a
  CC      net/netlink/af_netlink.o
  CC      net/netlink/genetlink.o
  CC      net/netlink/policy.o
  AR      net/netlink/built-in.a
  CC      net/bpf/test_run.o
  CC      net/bpf/bpf_dummy_struct_ops.o
  AR      net/bpf/built-in.a
  CC      net/ethtool/ioctl.o
  CC      net/ethtool/common.o
  CC      net/ethtool/netlink.o
  CC      net/ethtool/bitset.o
  CC      net/ethtool/strset.o
  CC      net/ethtool/linkinfo.o
  CC      net/ethtool/linkmodes.o
  CC      net/ethtool/rss.o
  CC      net/ethtool/linkstate.o
  CC      net/ethtool/debug.o
  CC      net/ethtool/wol.o
  CC      net/ethtool/features.o
  CC      net/ethtool/privflags.o
  CC      net/ethtool/rings.o
  CC      net/ethtool/channels.o
  CC      net/ethtool/coalesce.o
  CC      net/ethtool/pause.o
  CC      net/ethtool/eee.o
  CC      net/ethtool/tsinfo.o
  CC      net/ethtool/cabletest.o
  CC      net/ethtool/tunnels.o
  CC      net/ethtool/fec.o
  CC      net/ethtool/eeprom.o
  CC      net/ethtool/stats.o
  CC      net/ethtool/phc_vclocks.o
  CC      net/ethtool/mm.o
  CC      net/ethtool/module.o
  CC      net/ethtool/cmis_fw_update.o
  CC      net/ethtool/cmis_cdb.o
  CC      net/ethtool/pse-pd.o
  CC      net/ethtool/plca.o
  CC      net/ethtool/phy.o
  AR      net/ethtool/built-in.a
  CC      net/netfilter/core.o
  CC      net/netfilter/nf_log.o
  CC      net/netfilter/nf_queue.o
  CC      net/netfilter/nf_sockopt.o
  CC      net/netfilter/utils.o
  CC      net/netfilter/nf_bpf_link.o
  CC      net/netfilter/nf_hooks_lwtunnel.o
  AR      net/netfilter/built-in.a
  CC [M]  net/netfilter/nfnetlink.o
  CC [M]  net/netfilter/nf_conntrack_core.o
  CC [M]  net/netfilter/nf_conntrack_standalone.o
  CC [M]  net/netfilter/nf_conntrack_expect.o
  CC [M]  net/netfilter/nf_conntrack_helper.o
  CC [M]  net/netfilter/nf_conntrack_proto.o
  CC [M]  net/netfilter/nf_conntrack_proto_generic.o
  CC [M]  net/netfilter/nf_conntrack_proto_tcp.o
  CC [M]  net/netfilter/nf_conntrack_proto_udp.o
  CC [M]  net/netfilter/nf_conntrack_proto_icmp.o
  CC [M]  net/netfilter/nf_conntrack_extend.o
  CC [M]  net/netfilter/nf_conntrack_acct.o
  CC [M]  net/netfilter/nf_conntrack_seqadj.o
  CC [M]  net/netfilter/nf_conntrack_proto_icmpv6.o
  CC [M]  net/netfilter/nf_conntrack_timeout.o
  LD [M]  net/netfilter/nf_conntrack.o
  CC [M]  net/netfilter/nf_log_syslog.o
  CC [M]  net/netfilter/nf_nat_core.o
  CC [M]  net/netfilter/nf_nat_proto.o
  CC [M]  net/netfilter/nf_nat_helper.o
  CC [M]  net/netfilter/nf_nat_redirect.o
  CC [M]  net/netfilter/nf_nat_masquerade.o
  LD [M]  net/netfilter/nf_nat.o
  CC [M]  net/netfilter/nf_tables_core.o
  CC [M]  net/netfilter/nf_tables_api.o
  CC [M]  net/netfilter/nft_chain_filter.o
  CC [M]  net/netfilter/nf_tables_trace.o
  CC [M]  net/netfilter/nft_immediate.o
  CC [M]  net/netfilter/nft_cmp.o
  CC [M]  net/netfilter/nft_range.o
  CC [M]  net/netfilter/nft_bitwise.o
  CC [M]  net/netfilter/nft_byteorder.o
  CC [M]  net/netfilter/nft_payload.o
  CC [M]  net/netfilter/nft_lookup.o
  CC [M]  net/netfilter/nft_dynset.o
  CC [M]  net/netfilter/nft_meta.o
  CC [M]  net/netfilter/nft_rt.o
  CC [M]  net/netfilter/nft_exthdr.o
  CC [M]  net/netfilter/nft_last.o
  CC [M]  net/netfilter/nft_counter.o
  CC [M]  net/netfilter/nft_objref.o
  CC [M]  net/netfilter/nft_inner.o
  CC [M]  net/netfilter/nft_chain_route.o
  CC [M]  net/netfilter/nf_tables_offload.o
  CC [M]  net/netfilter/nft_set_hash.o
  CC [M]  net/netfilter/nft_set_bitmap.o
  CC [M]  net/netfilter/nft_set_rbtree.o
  CC [M]  net/netfilter/nft_set_pipapo.o
  LD [M]  net/netfilter/nf_tables.o
  CC [M]  net/netfilter/nft_numgen.o
  CC [M]  net/netfilter/nft_ct.o
  CC [M]  net/netfilter/nft_flow_offload.o
  CC [M]  net/netfilter/nft_limit.o
  CC [M]  net/netfilter/nft_nat.o
  CC [M]  net/netfilter/nft_quota.o
  CC [M]  net/netfilter/nft_reject.o
  CC [M]  net/netfilter/nft_reject_inet.o
  CC [M]  net/netfilter/nft_log.o
  CC [M]  net/netfilter/nft_masq.o
  CC [M]  net/netfilter/nft_redir.o
  CC [M]  net/netfilter/nft_hash.o
  CC [M]  net/netfilter/nft_fib.o
  CC [M]  net/netfilter/nft_fib_inet.o
  CC [M]  net/netfilter/nft_chain_nat.o
  CC [M]  net/netfilter/nf_flow_table_core.o
  CC [M]  net/netfilter/nf_flow_table_ip.o
  CC [M]  net/netfilter/nf_flow_table_offload.o
  CC [M]  net/netfilter/nf_flow_table_xdp.o
  LD [M]  net/netfilter/nf_flow_table.o
  CC [M]  net/netfilter/nf_flow_table_inet.o
  AR      net/ipv4/netfilter/built-in.a
  CC [M]  net/ipv4/netfilter/nf_defrag_ipv4.o
  CC [M]  net/ipv4/netfilter/nf_reject_ipv4.o
  CC [M]  net/ipv4/netfilter/nft_reject_ipv4.o
  CC [M]  net/ipv4/netfilter/nft_fib_ipv4.o
  CC      net/ipv4/route.o
  CC      net/ipv4/inetpeer.o
  CC      net/ipv4/protocol.o
  CC      net/ipv4/ip_input.o
  CC      net/ipv4/ip_fragment.o
  CC      net/ipv4/ip_forward.o
  CC      net/ipv4/ip_options.o
  CC      net/ipv4/ip_output.o
  CC      net/ipv4/ip_sockglue.o
  CC      net/ipv4/inet_hashtables.o
  CC      net/ipv4/inet_timewait_sock.o
  CC      net/ipv4/inet_connection_sock.o
  CC      net/ipv4/tcp.o
  CC      net/ipv4/tcp_input.o
  CC      net/ipv4/tcp_output.o
  CC      net/ipv4/tcp_timer.o
  CC      net/ipv4/tcp_ipv4.o
  CC      net/ipv4/tcp_minisocks.o
  CC      net/ipv4/tcp_cong.o
  CC      net/ipv4/tcp_metrics.o
  CC      net/ipv4/tcp_fastopen.o
  CC      net/ipv4/tcp_rate.o
  CC      net/ipv4/tcp_recovery.o
  CC      net/ipv4/tcp_ulp.o
  CC      net/ipv4/tcp_offload.o
  CC      net/ipv4/tcp_plb.o
  CC      net/ipv4/datagram.o
  CC      net/ipv4/raw.o
  CC      net/ipv4/udp.o
  CC      net/ipv4/udplite.o
  CC      net/ipv4/udp_offload.o
  CC      net/ipv4/arp.o
  CC      net/ipv4/icmp.o
  CC      net/ipv4/devinet.o
  CC      net/ipv4/af_inet.o
  CC      net/ipv4/igmp.o
  CC      net/ipv4/fib_frontend.o
  CC      net/ipv4/fib_semantics.o
  CC      net/ipv4/fib_trie.o
  CC      net/ipv4/fib_notifier.o
  CC      net/ipv4/inet_fragment.o
  CC      net/ipv4/ping.o
  CC      net/ipv4/ip_tunnel_core.o
  CC      net/ipv4/gre_offload.o
  CC      net/ipv4/metrics.o
  CC      net/ipv4/netlink.o
  CC      net/ipv4/nexthop.o
  CC      net/ipv4/udp_tunnel_stub.o
  CC      net/ipv4/sysctl_net_ipv4.o
  CC      net/ipv4/proc.o
  CC      net/ipv4/fib_rules.o
  CC      net/ipv4/ipmr.o
  CC      net/ipv4/ipmr_base.o
  CC      net/ipv4/syncookies.o
  CC      net/ipv4/netfilter.o
  CC      net/ipv4/tcp_cubic.o
  CC      net/ipv4/tcp_bpf.o
  CC      net/ipv4/udp_bpf.o
  CC      net/ipv4/bpf_tcp_ca.o
  AR      net/ipv4/built-in.a
  CC      net/unix/af_unix.o
  CC      net/unix/garbage.o
  CC      net/unix/sysctl_net_unix.o
  CC      net/unix/unix_bpf.o
  AR      net/unix/built-in.a
  AR      net/ipv6/netfilter/built-in.a
  CC [M]  net/ipv6/netfilter/nf_defrag_ipv6_hooks.o
  CC [M]  net/ipv6/netfilter/nf_conntrack_reasm.o
  LD [M]  net/ipv6/netfilter/nf_defrag_ipv6.o
  CC [M]  net/ipv6/netfilter/nf_reject_ipv6.o
  CC [M]  net/ipv6/netfilter/nft_reject_ipv6.o
  CC [M]  net/ipv6/netfilter/nft_fib_ipv6.o
  CC      net/ipv6/af_inet6.o
  CC      net/ipv6/anycast.o
  CC      net/ipv6/ip6_output.o
  CC      net/ipv6/ip6_input.o
  CC      net/ipv6/addrconf.o
  CC      net/ipv6/addrlabel.o
  CC      net/ipv6/route.o
  CC      net/ipv6/ip6_fib.o
  CC      net/ipv6/ipv6_sockglue.o
  CC      net/ipv6/ndisc.o
  CC      net/ipv6/udp.o
  CC      net/ipv6/udplite.o
  CC      net/ipv6/raw.o
  CC      net/ipv6/icmp.o
  CC      net/ipv6/mcast.o
  CC      net/ipv6/reassembly.o
  CC      net/ipv6/tcp_ipv6.o
  CC      net/ipv6/ping.o
  CC      net/ipv6/exthdrs.o
  CC      net/ipv6/datagram.o
  CC      net/ipv6/ip6_flowlabel.o
  CC      net/ipv6/inet6_connection_sock.o
  CC      net/ipv6/udp_offload.o
  CC      net/ipv6/seg6.o
  CC      net/ipv6/fib6_notifier.o
  CC      net/ipv6/rpl.o
  CC      net/ipv6/ioam6.o
  CC      net/ipv6/sysctl_net_ipv6.o
  CC      net/ipv6/ip6mr.o
  CC      net/ipv6/netfilter.o
  CC      net/ipv6/fib6_rules.o
  CC      net/ipv6/proc.o
  CC      net/ipv6/syncookies.o
  CC      net/ipv6/seg6_iptunnel.o
  CC      net/ipv6/seg6_local.o
  CC      net/ipv6/addrconf_core.o
  CC      net/ipv6/exthdrs_core.o
  CC      net/ipv6/ip6_checksum.o
  CC      net/ipv6/ip6_icmp.o
  CC      net/ipv6/output_core.o
  CC      net/ipv6/protocol.o
  CC      net/ipv6/ip6_offload.o
  CC      net/ipv6/tcpv6_offload.o
  CC      net/ipv6/exthdrs_offload.o
  CC      net/ipv6/inet6_hashtables.o
  CC      net/ipv6/mcast_snoop.o
  AR      net/ipv6/built-in.a
  CC      net/packet/af_packet.o
  AR      net/packet/built-in.a
  AR      net/bridge/netfilter/built-in.a
  CC      net/bridge/br.o
  CC      net/bridge/br_device.o
  CC      net/bridge/br_fdb.o
  CC      net/bridge/br_forward.o
  CC      net/bridge/br_if.o
  CC      net/bridge/br_input.o
  CC      net/bridge/br_ioctl.o
  CC      net/bridge/br_stp.o
  CC      net/bridge/br_stp_bpdu.o
  CC      net/bridge/br_stp_if.o
  CC      net/bridge/br_stp_timer.o
  CC      net/bridge/br_netlink.o
  CC      net/bridge/br_netlink_tunnel.o
  CC      net/bridge/br_arp_nd_proxy.o
  CC      net/bridge/br_sysfs_if.o
  CC      net/bridge/br_sysfs_br.o
  CC      net/bridge/br_multicast.o
  CC      net/bridge/br_mdb.o
  CC      net/bridge/br_multicast_eht.o
  CC      net/bridge/br_vlan.o
  CC      net/bridge/br_vlan_tunnel.o
  CC      net/bridge/br_vlan_options.o
  CC      net/bridge/br_mst.o
  CC      net/bridge/br_switchdev.o
  AR      net/bridge/built-in.a
  CC      net/devlink/core.o
  CC      net/devlink/netlink.o
  CC      net/devlink/netlink_gen.o
  CC      net/devlink/dev.o
  CC      net/devlink/port.o
  CC      net/devlink/sb.o
  CC      net/devlink/dpipe.o
  CC      net/devlink/resource.o
  CC      net/devlink/param.o
  CC      net/devlink/region.o
  CC      net/devlink/health.o
  CC      net/devlink/trap.o
  CC      net/devlink/rate.o
  CC      net/devlink/linecard.o
  AR      net/devlink/built-in.a
  CC      net/dsa/stubs.o
  CC      net/dsa/conduit.o
  CC      net/dsa/devlink.o
  CC      net/dsa/dsa.o
  CC      net/dsa/netlink.o
  CC      net/dsa/port.o
  CC      net/dsa/switch.o
  CC      net/dsa/tag.o
  CC      net/dsa/tag_8021q.o
  CC      net/dsa/trace.o
  CC      net/dsa/user.o
  CC      net/dsa/tag_brcm.o
  CC      net/dsa/tag_none.o
  AR      net/dsa/built-in.a
  CC      net/8021q/vlan_core.o
  CC      net/8021q/vlan.o
  CC      net/8021q/vlan_dev.o
  CC      net/8021q/vlan_netlink.o
  CC      net/8021q/vlanproc.o
  AR      net/8021q/built-in.a
  AR      net/wireless/tests/built-in.a
  AR      net/wireless/built-in.a
  CC      net/switchdev/switchdev.o
  AR      net/switchdev/built-in.a
  CC      net/l3mdev/l3mdev.o
  AR      net/l3mdev/built-in.a
  CC      net/mptcp/protocol.o
  CC      net/mptcp/subflow.o
  CC      net/mptcp/options.o
  CC      net/mptcp/token.o
  CC      net/mptcp/crypto.o
  CC      net/mptcp/ctrl.o
  CC      net/mptcp/pm.o
  CC      net/mptcp/diag.o
  CC      net/mptcp/mib.o
  CC      net/mptcp/pm_netlink.o
  CC      net/mptcp/sockopt.o
  CC      net/mptcp/pm_userspace.o
  CC      net/mptcp/fastopen.o
  CC      net/mptcp/sched.o
  CC      net/mptcp/mptcp_pm_gen.o
  CC      net/mptcp/syncookies.o
  CC      net/mptcp/bpf.o
  AR      net/mptcp/built-in.a
  CC      net/devres.o
  CC      net/socket.o
  CC      net/sysctl_net.o
  AR      net/built-in.a
  AR      virt/lib/built-in.a
  AR      virt/built-in.a
  CC      arch/mips/pci/pci.o
  CC      arch/mips/pci/pci-legacy.o
  CC      arch/mips/pci/fixup-bmips.o
  AR      arch/mips/pci/built-in.a
  AR      arch/mips/crypto/built-in.a
  AR      arch/mips/power/built-in.a
  AR      built-in.a
  AR      vmlinux.a
  LD      vmlinux.o
  OBJCOPY modules.builtin.modinfo
  GEN     modules.builtin
  MODPOST Module.symvers
  CC      .vmlinux.export.o
  UPD     include/generated/utsversion.h
  CC      init/version-timestamp.o
  KSYMS   .tmp_vmlinux0.kallsyms.S
  AS      .tmp_vmlinux0.kallsyms.o
  LD      .tmp_vmlinux1
  NM      .tmp_vmlinux1.syms
  KSYMS   .tmp_vmlinux1.kallsyms.S
  AS      .tmp_vmlinux1.kallsyms.o
  LD      .tmp_vmlinux2
  NM      .tmp_vmlinux2.syms
  KSYMS   .tmp_vmlinux2.kallsyms.S
  AS      .tmp_vmlinux2.kallsyms.o
  LD      vmlinux
  NM      System.map
  SORTTAB vmlinux
  LDS     scripts/module.lds
  CC [M]  crypto/crc32c_generic.mod.o
  CC [M]  .module-common.o
  LD [M]  crypto/crc32c_generic.ko
  CC [M]  lib/crc-ccitt.mod.o
  LD [M]  lib/crc-ccitt.ko
  CC [M]  lib/libcrc32c.mod.o
  LD [M]  lib/libcrc32c.ko
  CC [M]  drivers/net/ppp/ppp_generic.mod.o
  LD [M]  drivers/net/ppp/ppp_generic.ko
  CC [M]  drivers/net/ppp/ppp_async.mod.o
  LD [M]  drivers/net/ppp/ppp_async.ko
  CC [M]  drivers/net/ppp/pppox.mod.o
  LD [M]  drivers/net/ppp/pppox.ko
  CC [M]  drivers/net/ppp/pppoe.mod.o
  LD [M]  drivers/net/ppp/pppoe.ko
  CC [M]  drivers/net/slip/slhc.mod.o
  LD [M]  drivers/net/slip/slhc.ko
  CC [M]  net/netfilter/nfnetlink.mod.o
  LD [M]  net/netfilter/nfnetlink.ko
  CC [M]  net/netfilter/nf_conntrack.mod.o
  LD [M]  net/netfilter/nf_conntrack.ko
  CC [M]  net/netfilter/nf_log_syslog.mod.o
  LD [M]  net/netfilter/nf_log_syslog.ko
  CC [M]  net/netfilter/nf_nat.mod.o
  LD [M]  net/netfilter/nf_nat.ko
  CC [M]  net/netfilter/nf_tables.mod.o
  LD [M]  net/netfilter/nf_tables.ko
  CC [M]  net/netfilter/nft_numgen.mod.o
  LD [M]  net/netfilter/nft_numgen.ko
  CC [M]  net/netfilter/nft_ct.mod.o
  LD [M]  net/netfilter/nft_ct.ko
  CC [M]  net/netfilter/nft_flow_offload.mod.o
  LD [M]  net/netfilter/nft_flow_offload.ko
  CC [M]  net/netfilter/nft_limit.mod.o
  LD [M]  net/netfilter/nft_limit.ko
  CC [M]  net/netfilter/nft_nat.mod.o
  LD [M]  net/netfilter/nft_nat.ko
  CC [M]  net/netfilter/nft_quota.mod.o
  LD [M]  net/netfilter/nft_quota.ko
  CC [M]  net/netfilter/nft_reject.mod.o
  LD [M]  net/netfilter/nft_reject.ko
  CC [M]  net/netfilter/nft_reject_inet.mod.o
  LD [M]  net/netfilter/nft_reject_inet.ko
  CC [M]  net/netfilter/nft_log.mod.o
  LD [M]  net/netfilter/nft_log.ko
  CC [M]  net/netfilter/nft_masq.mod.o
  LD [M]  net/netfilter/nft_masq.ko
  CC [M]  net/netfilter/nft_redir.mod.o
  LD [M]  net/netfilter/nft_redir.ko
  CC [M]  net/netfilter/nft_hash.mod.o
  LD [M]  net/netfilter/nft_hash.ko
  CC [M]  net/netfilter/nft_fib.mod.o
  LD [M]  net/netfilter/nft_fib.ko
  CC [M]  net/netfilter/nft_fib_inet.mod.o
  LD [M]  net/netfilter/nft_fib_inet.ko
  CC [M]  net/netfilter/nft_chain_nat.mod.o
  LD [M]  net/netfilter/nft_chain_nat.ko
  CC [M]  net/netfilter/nf_flow_table.mod.o
  LD [M]  net/netfilter/nf_flow_table.ko
  CC [M]  net/netfilter/nf_flow_table_inet.mod.o
  LD [M]  net/netfilter/nf_flow_table_inet.ko
  CC [M]  net/ipv4/netfilter/nf_defrag_ipv4.mod.o
  LD [M]  net/ipv4/netfilter/nf_defrag_ipv4.ko
  CC [M]  net/ipv4/netfilter/nf_reject_ipv4.mod.o
  LD [M]  net/ipv4/netfilter/nf_reject_ipv4.ko
  CC [M]  net/ipv4/netfilter/nft_reject_ipv4.mod.o
  LD [M]  net/ipv4/netfilter/nft_reject_ipv4.ko
  CC [M]  net/ipv4/netfilter/nft_fib_ipv4.mod.o
  LD [M]  net/ipv4/netfilter/nft_fib_ipv4.ko
  CC [M]  net/ipv6/netfilter/nf_defrag_ipv6.mod.o
  LD [M]  net/ipv6/netfilter/nf_defrag_ipv6.ko
  CC [M]  net/ipv6/netfilter/nf_reject_ipv6.mod.o
  LD [M]  net/ipv6/netfilter/nf_reject_ipv6.ko
  CC [M]  net/ipv6/netfilter/nft_reject_ipv6.mod.o
  LD [M]  net/ipv6/netfilter/nft_reject_ipv6.ko
  CC [M]  net/ipv6/netfilter/nft_fib_ipv6.mod.o
  LD [M]  net/ipv6/netfilter/nft_fib_ipv6.ko
make[5]: Nothing to be done for 'modules'.
make[4]: Leaving directory '/home/mgta29/src/openwrt/build_dir/target-mips_mips32_musl/linux-bmips_bcm63268/linux-6.12.87'
# If .config did not change, use the previous timestamp to avoid package rebuilds
cmp -s /home/mgta29/src/openwrt/build_dir/target-mips_mips32_musl/linux-bmips_bcm63268/linux-6.12.87/.config /home/mgta29/src/openwrt/build_dir/target-mips_mips32_musl/linux-bmips_bcm63268/linux-6.12.87/.config.modules.save && mv /home/mgta29/src/openwrt/build_dir/target-mips_mips32_musl/linux-bmips_bcm63268/linux-6.12.87/.config.modules.save /home/mgta29/src/openwrt/build_dir/target-mips_mips32_musl/linux-bmips_bcm63268/linux-6.12.87/.config; cp -fpR /home/mgta29/src/openwrt/build_dir/target-mips_mips32_musl/linux-bmips_bcm63268/linux-6.12.87/.config /home/mgta29/src/openwrt/build_dir/target-mips_mips32_musl/linux-bmips_bcm63268/linux-6.12.87/.config.modules.save
touch /home/mgta29/src/openwrt/build_dir/target-mips_mips32_musl/linux-bmips_bcm63268/linux-6.12.87/.modules
make -C image compile TARGET_BUILD=
make[4]: Entering directory '/home/mgta29/src/openwrt/target/linux/bmips/image'
rm -rf /home/mgta29/src/openwrt/build_dir/target-mips_mips32_musl/linux-bmips_bcm63268/relocate
cp -fpR ../../generic/image/relocate /home/mgta29/src/openwrt/build_dir/target-mips_mips32_musl/linux-bmips_bcm63268
export MAKEFLAGS= ;make -w -C /home/mgta29/src/openwrt/build_dir/target-mips_mips32_musl/linux-bmips_bcm63268/relocate CACHELINE_SIZE=16 CROSS_COMPILE=mips-openwrt-linux-musl- KERNEL_ADDR=0x80010000		 LZMA_TEXT_START=0x81000000		
make[5]: Entering directory '/home/mgta29/src/openwrt/build_dir/target-mips_mips32_musl/linux-bmips_bcm63268/relocate'
mips-openwrt-linux-musl-gcc -D__KERNEL__ -Wall -Wstrict-prototypes -Wno-trigraphs -Os -fno-strict-aliasing -fno-common -fomit-frame-pointer -G 0 -mno-abicalls -fno-pic -ffunction-sections -pipe -mlong-calls -fno-common -ffreestanding -fhonour-copts -mabi=32 -march=mips32r2 -Wa,-32 -Wa,-march=mips32r2 -Wa,-mips32r2 -Wa,--trap -DCONFIG_CACHELINE_SIZE=16 -DKERNEL_ADDR=0x80010000 -D__ASSEMBLY__ -c -o head.o head.S
mips-openwrt-linux-musl-ld -static --gc-sections -no-warn-mismatch -e startup -T loader.lds -Ttext 0x81000000 -o loader head.o
mips-openwrt-linux-musl-objcopy -O binary -R .reginfo -R .note -R .comment -R .mdebug -R .MIPS.abiflags -S loader loader.bin
make[5]: Leaving directory '/home/mgta29/src/openwrt/build_dir/target-mips_mips32_musl/linux-bmips_bcm63268/relocate'
make[4]: Leaving directory '/home/mgta29/src/openwrt/target/linux/bmips/image'
make[3]: Leaving directory '/home/mgta29/src/openwrt/target/linux/bmips'
make[2]: Leaving directory '/home/mgta29/src/openwrt/target/linux'
time: target/linux/compile#586.46#63.03#639.56
make[1]: Leaving directory '/home/mgta29/src/openwrt'
