WARNING: Makefile 'package/boot/arm-trusted-firmware-microchipsw/Makefile' has a build dependency on 'ruby/host', which does not exist
WARNING: Makefile 'package/utils/audit/Makefile' has a dependency on 'libev', which does not exist
WARNING: Makefile 'package/utils/busybox/Makefile' has a dependency on 'libpam', which does not exist
WARNING: Makefile 'package/utils/busybox/Makefile' has a dependency on 'libtirpc', which does not exist
WARNING: Makefile 'package/utils/busybox/Makefile' has a dependency on 'libpam', which does not exist
WARNING: Makefile 'package/utils/busybox/Makefile' has a dependency on 'libtirpc', which does not exist
WARNING: Makefile 'package/utils/busybox/Makefile' has a build dependency on 'libpam', which does not exist
WARNING: Makefile 'package/boot/kexec-tools/Makefile' has a dependency on 'liblzma', which does not exist
WARNING: Makefile 'package/boot/kexec-tools/Makefile' has a dependency on 'libzstd', which does not exist
WARNING: Makefile 'package/network/services/lldpd/Makefile' has a dependency on 'libnetsnmp', which does not exist
WARNING: Makefile 'package/utils/policycoreutils/Makefile' has a dependency on 'libpam', which does not exist
WARNING: Makefile 'package/utils/policycoreutils/Makefile' has a dependency on 'libpam', which does not exist
WARNING: Makefile 'package/utils/policycoreutils/Makefile' has a build dependency on 'libpam', which does not exist
make[2]: Entering directory '/home/mgta29/src/openwrt/scripts/config'
make[2]: 'conf' is up to date.
make[2]: Leaving directory '/home/mgta29/src/openwrt/scripts/config'
make[1]: Entering directory '/home/mgta29/src/openwrt'
make[2]: Entering directory '/home/mgta29/src/openwrt/target/linux'
make[3]: Entering directory '/home/mgta29/src/openwrt/target/linux/bmips'
rm -f /home/mgta29/src/openwrt/build_dir/target-mips_mips32_musl/linux-bmips_bcm63268/linux-6.12.87/localversion
/home/mgta29/src/openwrt/scripts/kconfig.pl  + + /home/mgta29/src/openwrt/target/linux/generic/config-6.12 /home/mgta29/src/openwrt/target/linux/bmips/config-6.12 /home/mgta29/src/openwrt/target/linux/bmips/bcm63268/config-6.12 > /home/mgta29/src/openwrt/build_dir/target-mips_mips32_musl/linux-bmips_bcm63268/linux-6.12.87/.config.target
awk '/^(#[[:space:]]+)?CONFIG_KERNEL/{sub("CONFIG_KERNEL_","CONFIG_");print}' /home/mgta29/src/openwrt/.config >> /home/mgta29/src/openwrt/build_dir/target-mips_mips32_musl/linux-bmips_bcm63268/linux-6.12.87/.config.target
echo "# CONFIG_KALLSYMS_EXTRA_PASS is not set" >> /home/mgta29/src/openwrt/build_dir/target-mips_mips32_musl/linux-bmips_bcm63268/linux-6.12.87/.config.target
echo "# CONFIG_KALLSYMS_ALL is not set" >> /home/mgta29/src/openwrt/build_dir/target-mips_mips32_musl/linux-bmips_bcm63268/linux-6.12.87/.config.target
echo "CONFIG_KALLSYMS_UNCOMPRESSED=y" >> /home/mgta29/src/openwrt/build_dir/target-mips_mips32_musl/linux-bmips_bcm63268/linux-6.12.87/.config.target
/home/mgta29/src/openwrt/scripts/package-metadata.pl kconfig /home/mgta29/src/openwrt/tmp/.packageinfo /home/mgta29/src/openwrt/.config 6.12 > /home/mgta29/src/openwrt/build_dir/target-mips_mips32_musl/linux-bmips_bcm63268/linux-6.12.87/.config.override
/home/mgta29/src/openwrt/scripts/kconfig.pl 'm+' '+' /home/mgta29/src/openwrt/build_dir/target-mips_mips32_musl/linux-bmips_bcm63268/linux-6.12.87/.config.target /dev/null /home/mgta29/src/openwrt/build_dir/target-mips_mips32_musl/linux-bmips_bcm63268/linux-6.12.87/.config.override > /home/mgta29/src/openwrt/build_dir/target-mips_mips32_musl/linux-bmips_bcm63268/linux-6.12.87/.config.set
mv /home/mgta29/src/openwrt/build_dir/target-mips_mips32_musl/linux-bmips_bcm63268/linux-6.12.87/.config.set /home/mgta29/src/openwrt/build_dir/target-mips_mips32_musl/linux-bmips_bcm63268/linux-6.12.87/.config.old
grep -v INITRAMFS /home/mgta29/src/openwrt/build_dir/target-mips_mips32_musl/linux-bmips_bcm63268/linux-6.12.87/.config.old > /home/mgta29/src/openwrt/build_dir/target-mips_mips32_musl/linux-bmips_bcm63268/linux-6.12.87/.config.set
echo 'CONFIG_INITRAMFS_SOURCE=""' >> /home/mgta29/src/openwrt/build_dir/target-mips_mips32_musl/linux-bmips_bcm63268/linux-6.12.87/.config.set
echo '# CONFIG_INITRAMFS_FORCE is not set' >> /home/mgta29/src/openwrt/build_dir/target-mips_mips32_musl/linux-bmips_bcm63268/linux-6.12.87/.config.set
echo "# CONFIG_INITRAMFS_PRESERVE_MTIME is not set" >> /home/mgta29/src/openwrt/build_dir/target-mips_mips32_musl/linux-bmips_bcm63268/linux-6.12.87/.config.set
rm -rf /home/mgta29/src/openwrt/build_dir/target-mips_mips32_musl/linux-bmips_bcm63268/modules
cmp -s /home/mgta29/src/openwrt/build_dir/target-mips_mips32_musl/linux-bmips_bcm63268/linux-6.12.87/.config.set /home/mgta29/src/openwrt/build_dir/target-mips_mips32_musl/linux-bmips_bcm63268/linux-6.12.87/.config.prev || { cp /home/mgta29/src/openwrt/build_dir/target-mips_mips32_musl/linux-bmips_bcm63268/linux-6.12.87/.config.set /home/mgta29/src/openwrt/build_dir/target-mips_mips32_musl/linux-bmips_bcm63268/linux-6.12.87/.config; cp /home/mgta29/src/openwrt/build_dir/target-mips_mips32_musl/linux-bmips_bcm63268/linux-6.12.87/.config.set /home/mgta29/src/openwrt/build_dir/target-mips_mips32_musl/linux-bmips_bcm63268/linux-6.12.87/.config.prev; }
export MAKEFLAGS= ; [ -d /home/mgta29/src/openwrt/build_dir/target-mips_mips32_musl/linux-bmips_bcm63268/linux-6.12.87/user_headers ] || make -C /home/mgta29/src/openwrt/build_dir/target-mips_mips32_musl/linux-bmips_bcm63268/linux-6.12.87 KCFLAGS="-fmacro-prefix-map=/home/mgta29/src/openwrt/build_dir/target-mips_mips32_musl=target-mips_mips32_musl -fno-caller-saves " HOSTCFLAGS="-O2 -I/home/mgta29/src/openwrt/staging_dir/host/include -Wall -Wmissing-prototypes -Wstrict-prototypes" CROSS_COMPILE="mips-openwrt-linux-musl-" ARCH="mips" KBUILD_HAVE_NLS=no KBUILD_BUILD_USER="" KBUILD_BUILD_HOST="" KBUILD_BUILD_TIMESTAMP="Tue May 12 23:59:29 2026" KBUILD_BUILD_VERSION="0" KBUILD_HOSTLDFLAGS="-L/home/mgta29/src/openwrt/staging_dir/host/lib" CONFIG_SHELL="bash" V=''  cmd_syscalls=  CC="mips-openwrt-linux-musl-gcc" KERNELRELEASE=6.12.87  INSTALL_HDR_PATH=/home/mgta29/src/openwrt/build_dir/target-mips_mips32_musl/linux-bmips_bcm63268/linux-6.12.87/user_headers headers_install
grep '=[ym]' /home/mgta29/src/openwrt/build_dir/target-mips_mips32_musl/linux-bmips_bcm63268/linux-6.12.87/.config.set | LC_ALL=C sort | /home/mgta29/src/openwrt/staging_dir/host/bin/mkhash md5 > /home/mgta29/src/openwrt/build_dir/target-mips_mips32_musl/linux-bmips_bcm63268/linux-6.12.87/.vermagic
touch /home/mgta29/src/openwrt/build_dir/target-mips_mips32_musl/linux-bmips_bcm63268/linux-6.12.87/.configured
rm -f /home/mgta29/src/openwrt/build_dir/target-mips_mips32_musl/root-bmips/init
make -C /home/mgta29/src/openwrt/build_dir/target-mips_mips32_musl/linux-bmips_bcm63268/linux-6.12.87 KCFLAGS="-fmacro-prefix-map=/home/mgta29/src/openwrt/build_dir/target-mips_mips32_musl=target-mips_mips32_musl -fno-caller-saves " HOSTCFLAGS="-O2 -I/home/mgta29/src/openwrt/staging_dir/host/include -Wall -Wmissing-prototypes -Wstrict-prototypes" CROSS_COMPILE="mips-openwrt-linux-musl-" ARCH="mips" KBUILD_HAVE_NLS=no KBUILD_BUILD_USER="" KBUILD_BUILD_HOST="" KBUILD_BUILD_TIMESTAMP="Tue May 12 23:59:29 2026" KBUILD_BUILD_VERSION="0" KBUILD_HOSTLDFLAGS="-L/home/mgta29/src/openwrt/staging_dir/host/lib" CONFIG_SHELL="bash" V=''  cmd_syscalls=  CC="mips-openwrt-linux-musl-gcc" KERNELRELEASE=6.12.87  all
make[4]: Entering directory '/home/mgta29/src/openwrt/build_dir/target-mips_mips32_musl/linux-bmips_bcm63268/linux-6.12.87'
make[4]: Leaving directory '/home/mgta29/src/openwrt/build_dir/target-mips_mips32_musl/linux-bmips_bcm63268/linux-6.12.87'
cmp -s /home/mgta29/src/openwrt/build_dir/target-mips_mips32_musl/linux-bmips_bcm63268/linux-6.12.87/vmlinux /home/mgta29/src/openwrt/build_dir/target-mips_mips32_musl/linux-bmips_bcm63268/vmlinux.debug || { mips-openwrt-linux-musl-objcopy -O binary -R .reginfo -R .notes -R .note -R .comment -R .mdebug -R .note.gnu.build-id -S /home/mgta29/src/openwrt/build_dir/target-mips_mips32_musl/linux-bmips_bcm63268/linux-6.12.87/vmlinux /home/mgta29/src/openwrt/build_dir/target-mips_mips32_musl/linux-bmips_bcm63268/vmlinux; mips-openwrt-linux-musl-objcopy -R .reginfo -R .notes -R .note -R .comment -R .mdebug -R .note.gnu.build-id -S /home/mgta29/src/openwrt/build_dir/target-mips_mips32_musl/linux-bmips_bcm63268/linux-6.12.87/vmlinux /home/mgta29/src/openwrt/build_dir/target-mips_mips32_musl/linux-bmips_bcm63268/vmlinux.elf; cp -fpR /home/mgta29/src/openwrt/build_dir/target-mips_mips32_musl/linux-bmips_bcm63268/linux-6.12.87/vmlinux /home/mgta29/src/openwrt/build_dir/target-mips_mips32_musl/linux-bmips_bcm63268/vmlinux.debug;  }
SHELL= flock /home/mgta29/src/openwrt/tmp/.gen-initramfs.flock -c '{  		{ rm -f /home/mgta29/src/openwrt/build_dir/target-mips_mips32_musl/linux-bmips_bcm63268/linux-6.12.87/.config.prev; mv /home/mgta29/src/openwrt/build_dir/target-mips_mips32_musl/linux-bmips_bcm63268/linux-6.12.87/.config /home/mgta29/src/openwrt/build_dir/target-mips_mips32_musl/linux-bmips_bcm63268/linux-6.12.87/.config.old; 	{ grep -v -e INITRAMFS -e CONFIG_RD_ -e CONFIG_BLK_DEV_INITRD /home/mgta29/src/openwrt/build_dir/target-mips_mips32_musl/linux-bmips_bcm63268/linux-6.12.87/.config.old > /home/mgta29/src/openwrt/build_dir/target-mips_mips32_musl/linux-bmips_bcm63268/linux-6.12.87/.config; echo '\''CONFIG_BLK_DEV_INITRD=y'\'' >> /home/mgta29/src/openwrt/build_dir/target-mips_mips32_musl/linux-bmips_bcm63268/linux-6.12.87/.config; echo '\''CONFIG_INITRAMFS_SOURCE="/home/mgta29/src/openwrt/build_dir/target-mips_mips32_musl/root-bmips /home/mgta29/src/openwrt/target/linux/generic/image/initramfs-base-files.txt"'\'' >> /home/mgta29/src/openwrt/build_dir/target-mips_mips32_musl/linux-bmips_bcm63268/linux-6.12.87/.config; }; echo "# CONFIG_INITRAMFS_PRESERVE_MTIME is not set" >> /home/mgta29/src/openwrt/build_dir/target-mips_mips32_musl/linux-bmips_bcm63268/linux-6.12.87/.config; echo "CONFIG_INITRAMFS_ROOT_UID=1000" >> /home/mgta29/src/openwrt/build_dir/target-mips_mips32_musl/linux-bmips_bcm63268/linux-6.12.87/.config; echo "CONFIG_INITRAMFS_ROOT_GID=1000" >> /home/mgta29/src/openwrt/build_dir/target-mips_mips32_musl/linux-bmips_bcm63268/linux-6.12.87/.config;   echo "# CONFIG_INITRAMFS_FORCE is not set" >> /home/mgta29/src/openwrt/build_dir/target-mips_mips32_musl/linux-bmips_bcm63268/linux-6.12.87/.config;  echo "CONFIG_INITRAMFS_COMPRESSION_NONE=y" >> /home/mgta29/src/openwrt/build_dir/target-mips_mips32_musl/linux-bmips_bcm63268/linux-6.12.87/.config;   echo "# CONFIG_INITRAMFS_COMPRESSION_GZIP is not set" >> /home/mgta29/src/openwrt/build_dir/target-mips_mips32_musl/linux-bmips_bcm63268/linux-6.12.87/.config;   echo "# CONFIG_RD_GZIP is not set" >> /home/mgta29/src/openwrt/build_dir/target-mips_mips32_musl/linux-bmips_bcm63268/linux-6.12.87/.config;     echo "# CONFIG_INITRAMFS_COMPRESSION_BZIP2 is not set" >> /home/mgta29/src/openwrt/build_dir/target-mips_mips32_musl/linux-bmips_bcm63268/linux-6.12.87/.config;   echo "# CONFIG_RD_BZIP2 is not set" >> /home/mgta29/src/openwrt/build_dir/target-mips_mips32_musl/linux-bmips_bcm63268/linux-6.12.87/.config;     echo "# CONFIG_INITRAMFS_COMPRESSION_LZMA is not set" >> /home/mgta29/src/openwrt/build_dir/target-mips_mips32_musl/linux-bmips_bcm63268/linux-6.12.87/.config;   echo "# CONFIG_RD_LZMA is not set" >> /home/mgta29/src/openwrt/build_dir/target-mips_mips32_musl/linux-bmips_bcm63268/linux-6.12.87/.config;     echo "# CONFIG_INITRAMFS_COMPRESSION_LZO is not set" >> /home/mgta29/src/openwrt/build_dir/target-mips_mips32_musl/linux-bmips_bcm63268/linux-6.12.87/.config;   echo "# CONFIG_RD_LZO is not set" >> /home/mgta29/src/openwrt/build_dir/target-mips_mips32_musl/linux-bmips_bcm63268/linux-6.12.87/.config;     echo "# CONFIG_INITRAMFS_COMPRESSION_XZ is not set" >> /home/mgta29/src/openwrt/build_dir/target-mips_mips32_musl/linux-bmips_bcm63268/linux-6.12.87/.config;   echo "# CONFIG_RD_XZ is not set" >> /home/mgta29/src/openwrt/build_dir/target-mips_mips32_musl/linux-bmips_bcm63268/linux-6.12.87/.config;     echo "# CONFIG_INITRAMFS_COMPRESSION_LZ4 is not set" >> /home/mgta29/src/openwrt/build_dir/target-mips_mips32_musl/linux-bmips_bcm63268/linux-6.12.87/.config;   echo "# CONFIG_RD_LZ4 is not set" >> /home/mgta29/src/openwrt/build_dir/target-mips_mips32_musl/linux-bmips_bcm63268/linux-6.12.87/.config;     echo "# CONFIG_INITRAMFS_COMPRESSION_ZSTD is not set" >> /home/mgta29/src/openwrt/build_dir/target-mips_mips32_musl/linux-bmips_bcm63268/linux-6.12.87/.config;   echo "# CONFIG_RD_ZSTD is not set" >> /home/mgta29/src/openwrt/build_dir/target-mips_mips32_musl/linux-bmips_bcm63268/linux-6.12.87/.config;   }; cp -fpR /home/mgta29/src/openwrt/target/linux/generic/other-files/init /home/mgta29/src/openwrt/build_dir/target-mips_mips32_musl/root-bmips/init; touch -hcd "@1778630369" /home/mgta29/src/openwrt/build_dir/target-mips_mips32_musl/root-bmips /home/mgta29/src/openwrt/build_dir/target-mips_mips32_musl/root-bmips/init; rm -rf /home/mgta29/src/openwrt/build_dir/target-mips_mips32_musl/linux-bmips_bcm63268/linux-6.12.87/usr/initramfs_data.cpio*;  make -C /home/mgta29/src/openwrt/build_dir/target-mips_mips32_musl/linux-bmips_bcm63268/linux-6.12.87 KCFLAGS="-fmacro-prefix-map=/home/mgta29/src/openwrt/build_dir/target-mips_mips32_musl=target-mips_mips32_musl -fno-caller-saves " HOSTCFLAGS="-O2 -I/home/mgta29/src/openwrt/staging_dir/host/include -Wall -Wmissing-prototypes -Wstrict-prototypes" CROSS_COMPILE="mips-openwrt-linux-musl-" ARCH="mips" KBUILD_HAVE_NLS=no KBUILD_BUILD_USER="" KBUILD_BUILD_HOST="" KBUILD_BUILD_TIMESTAMP="Tue May 12 23:59:29 2026" KBUILD_BUILD_VERSION="0" KBUILD_HOSTLDFLAGS="-L/home/mgta29/src/openwrt/staging_dir/host/lib" CONFIG_SHELL="bash" V='\'''\''  cmd_syscalls=  CC="mips-openwrt-linux-musl-gcc" KERNELRELEASE=6.12.87   all; 	cmp -s /home/mgta29/src/openwrt/build_dir/target-mips_mips32_musl/linux-bmips_bcm63268/linux-6.12.87/vmlinux /home/mgta29/src/openwrt/build_dir/target-mips_mips32_musl/linux-bmips_bcm63268/vmlinux-initramfs.debug || { mips-openwrt-linux-musl-objcopy -O binary -R .reginfo -R .notes -R .note -R .comment -R .mdebug -R .note.gnu.build-id -S /home/mgta29/src/openwrt/build_dir/target-mips_mips32_musl/linux-bmips_bcm63268/linux-6.12.87/vmlinux /home/mgta29/src/openwrt/build_dir/target-mips_mips32_musl/linux-bmips_bcm63268/vmlinux-initramfs; mips-openwrt-linux-musl-objcopy -R .reginfo -R .notes -R .note -R .comment -R .mdebug -R .note.gnu.build-id -S /home/mgta29/src/openwrt/build_dir/target-mips_mips32_musl/linux-bmips_bcm63268/linux-6.12.87/vmlinux /home/mgta29/src/openwrt/build_dir/target-mips_mips32_musl/linux-bmips_bcm63268/vmlinux-initramfs.elf; cp -fpR /home/mgta29/src/openwrt/build_dir/target-mips_mips32_musl/linux-bmips_bcm63268/linux-6.12.87/vmlinux /home/mgta29/src/openwrt/build_dir/target-mips_mips32_musl/linux-bmips_bcm63268/vmlinux-initramfs.debug;  };  }';
make[4]: Entering directory '/home/mgta29/src/openwrt/build_dir/target-mips_mips32_musl/linux-bmips_bcm63268/linux-6.12.87'
  SYNC    include/config/auto.conf.cmd
  GEN     usr/initramfs_data.cpio
  COPY    usr/initramfs_inc_data
  AS      usr/initramfs_data.o
  AR      usr/built-in.a
  AR      built-in.a
  AR      vmlinux.a
  LD      vmlinux.o
  OBJCOPY modules.builtin.modinfo
  GEN     modules.builtin
  MODPOST Module.symvers
  KSYMS   .tmp_vmlinux0.kallsyms.S
  AS      .tmp_vmlinux0.kallsyms.o
  LD      .tmp_vmlinux1
  NM      .tmp_vmlinux1.syms
  KSYMS   .tmp_vmlinux1.kallsyms.S
  AS      .tmp_vmlinux1.kallsyms.o
  LD      .tmp_vmlinux2
  NM      .tmp_vmlinux2.syms
  KSYMS   .tmp_vmlinux2.kallsyms.S
  AS      .tmp_vmlinux2.kallsyms.o
  LD      vmlinux
  NM      System.map
  SORTTAB vmlinux
make[4]: Leaving directory '/home/mgta29/src/openwrt/build_dir/target-mips_mips32_musl/linux-bmips_bcm63268/linux-6.12.87'
touch /home/mgta29/src/openwrt/build_dir/target-mips_mips32_musl/linux-bmips_bcm63268/linux-6.12.87/.image
make -C image compile install TARGET_BUILD=
make[4]: Entering directory '/home/mgta29/src/openwrt/target/linux/bmips/image'
rm -rf /home/mgta29/src/openwrt/build_dir/target-mips_mips32_musl/linux-bmips_bcm63268/relocate
cp -fpR ../../generic/image/relocate /home/mgta29/src/openwrt/build_dir/target-mips_mips32_musl/linux-bmips_bcm63268
export MAKEFLAGS= ;make -w -C /home/mgta29/src/openwrt/build_dir/target-mips_mips32_musl/linux-bmips_bcm63268/relocate CACHELINE_SIZE=16 CROSS_COMPILE=mips-openwrt-linux-musl- KERNEL_ADDR=0x80010000		 LZMA_TEXT_START=0x81000000		
make[5]: Entering directory '/home/mgta29/src/openwrt/build_dir/target-mips_mips32_musl/linux-bmips_bcm63268/relocate'
mips-openwrt-linux-musl-gcc -D__KERNEL__ -Wall -Wstrict-prototypes -Wno-trigraphs -Os -fno-strict-aliasing -fno-common -fomit-frame-pointer -G 0 -mno-abicalls -fno-pic -ffunction-sections -pipe -mlong-calls -fno-common -ffreestanding -fhonour-copts -mabi=32 -march=mips32r2 -Wa,-32 -Wa,-march=mips32r2 -Wa,-mips32r2 -Wa,--trap -DCONFIG_CACHELINE_SIZE=16 -DKERNEL_ADDR=0x80010000 -D__ASSEMBLY__ -c -o head.o head.S
mips-openwrt-linux-musl-ld -static --gc-sections -no-warn-mismatch -e startup -T loader.lds -Ttext 0x81000000 -o loader head.o
mips-openwrt-linux-musl-objcopy -O binary -R .reginfo -R .note -R .comment -R .mdebug -R .MIPS.abiflags -S loader loader.bin
make[5]: Leaving directory '/home/mgta29/src/openwrt/build_dir/target-mips_mips32_musl/linux-bmips_bcm63268/relocate'
mips-openwrt-linux-musl-cpp -nostdinc -x assembler-with-cpp  -I/home/mgta29/src/openwrt/build_dir/target-mips_mips32_musl/linux-bmips_bcm63268/linux-6.12.87/arch/mips/boot/dts -I/home/mgta29/src/openwrt/build_dir/target-mips_mips32_musl/linux-bmips_bcm63268/linux-6.12.87/arch/mips/boot/dts/include -I/home/mgta29/src/openwrt/build_dir/target-mips_mips32_musl/linux-bmips_bcm63268/linux-6.12.87/include/ -I/home/mgta29/src/openwrt/build_dir/target-mips_mips32_musl/linux-bmips_bcm63268/linux-6.12.87/scripts/dtc/include-prefixes -undef -D__DTS__  -o /home/mgta29/src/openwrt/build_dir/target-mips_mips32_musl/linux-bmips_bcm63268/image-bcm63168-actiontec-t1200h.dtb.tmp ../dts/bcm63168-actiontec-t1200h.dts
/home/mgta29/src/openwrt/build_dir/target-mips_mips32_musl/linux-bmips_bcm63268/linux-6.12.87/scripts/dtc/dtc -O dtb -i../dts/ -Wno-interrupt_provider -Wno-unique_unit_address -Wno-unit_address_vs_reg -Wno-avoid_unnecessary_addr_size -Wno-alias_paths -Wno-graph_child_address -Wno-simple_bus_reg    -o /home/mgta29/src/openwrt/build_dir/target-mips_mips32_musl/linux-bmips_bcm63268/image-bcm63168-actiontec-t1200h.dtb /home/mgta29/src/openwrt/build_dir/target-mips_mips32_musl/linux-bmips_bcm63268/image-bcm63168-actiontec-t1200h.dtb.tmp
rm -f /home/mgta29/src/openwrt/build_dir/target-mips_mips32_musl/linux-bmips_bcm63268/image-bcm63168-actiontec-t1200h.dtb.tmp
mips-openwrt-linux-musl-cpp -nostdinc -x assembler-with-cpp  -I/home/mgta29/src/openwrt/build_dir/target-mips_mips32_musl/linux-bmips_bcm63268/linux-6.12.87/arch/mips/boot/dts -I/home/mgta29/src/openwrt/build_dir/target-mips_mips32_musl/linux-bmips_bcm63268/linux-6.12.87/arch/mips/boot/dts/include -I/home/mgta29/src/openwrt/build_dir/target-mips_mips32_musl/linux-bmips_bcm63268/linux-6.12.87/include/ -I/home/mgta29/src/openwrt/build_dir/target-mips_mips32_musl/linux-bmips_bcm63268/linux-6.12.87/scripts/dtc/include-prefixes -undef -D__DTS__  -o /home/mgta29/src/openwrt/build_dir/target-mips_mips32_musl/linux-bmips_bcm63268/image-bcm63169-comtrend-vg-8050.dtb.tmp ../dts/bcm63169-comtrend-vg-8050.dts
/home/mgta29/src/openwrt/build_dir/target-mips_mips32_musl/linux-bmips_bcm63268/linux-6.12.87/scripts/dtc/dtc -O dtb -i../dts/ -Wno-interrupt_provider -Wno-unique_unit_address -Wno-unit_address_vs_reg -Wno-avoid_unnecessary_addr_size -Wno-alias_paths -Wno-graph_child_address -Wno-simple_bus_reg    -o /home/mgta29/src/openwrt/build_dir/target-mips_mips32_musl/linux-bmips_bcm63268/image-bcm63169-comtrend-vg-8050.dtb /home/mgta29/src/openwrt/build_dir/target-mips_mips32_musl/linux-bmips_bcm63268/image-bcm63169-comtrend-vg-8050.dtb.tmp
rm -f /home/mgta29/src/openwrt/build_dir/target-mips_mips32_musl/linux-bmips_bcm63268/image-bcm63169-comtrend-vg-8050.dtb.tmp
mips-openwrt-linux-musl-cpp -nostdinc -x assembler-with-cpp  -I/home/mgta29/src/openwrt/build_dir/target-mips_mips32_musl/linux-bmips_bcm63268/linux-6.12.87/arch/mips/boot/dts -I/home/mgta29/src/openwrt/build_dir/target-mips_mips32_musl/linux-bmips_bcm63268/linux-6.12.87/arch/mips/boot/dts/include -I/home/mgta29/src/openwrt/build_dir/target-mips_mips32_musl/linux-bmips_bcm63268/linux-6.12.87/include/ -I/home/mgta29/src/openwrt/build_dir/target-mips_mips32_musl/linux-bmips_bcm63268/linux-6.12.87/scripts/dtc/include-prefixes -undef -D__DTS__  -o /home/mgta29/src/openwrt/build_dir/target-mips_mips32_musl/linux-bmips_bcm63268/image-bcm63168-comtrend-vr-3032u.dtb.tmp ../dts/bcm63168-comtrend-vr-3032u.dts
/home/mgta29/src/openwrt/build_dir/target-mips_mips32_musl/linux-bmips_bcm63268/linux-6.12.87/scripts/dtc/dtc -O dtb -i../dts/ -Wno-interrupt_provider -Wno-unique_unit_address -Wno-unit_address_vs_reg -Wno-avoid_unnecessary_addr_size -Wno-alias_paths -Wno-graph_child_address -Wno-simple_bus_reg    -o /home/mgta29/src/openwrt/build_dir/target-mips_mips32_musl/linux-bmips_bcm63268/image-bcm63168-comtrend-vr-3032u.dtb /home/mgta29/src/openwrt/build_dir/target-mips_mips32_musl/linux-bmips_bcm63268/image-bcm63168-comtrend-vr-3032u.dtb.tmp
rm -f /home/mgta29/src/openwrt/build_dir/target-mips_mips32_musl/linux-bmips_bcm63268/image-bcm63168-comtrend-vr-3032u.dtb.tmp
mips-openwrt-linux-musl-cpp -nostdinc -x assembler-with-cpp  -I/home/mgta29/src/openwrt/build_dir/target-mips_mips32_musl/linux-bmips_bcm63268/linux-6.12.87/arch/mips/boot/dts -I/home/mgta29/src/openwrt/build_dir/target-mips_mips32_musl/linux-bmips_bcm63268/linux-6.12.87/arch/mips/boot/dts/include -I/home/mgta29/src/openwrt/build_dir/target-mips_mips32_musl/linux-bmips_bcm63268/linux-6.12.87/include/ -I/home/mgta29/src/openwrt/build_dir/target-mips_mips32_musl/linux-bmips_bcm63268/linux-6.12.87/scripts/dtc/include-prefixes -undef -D__DTS__  -o /home/mgta29/src/openwrt/build_dir/target-mips_mips32_musl/linux-bmips_bcm63268/image-bcm63168-sagem-fast-3864-op.dtb.tmp ../dts/bcm63168-sagem-fast-3864-op.dts
/home/mgta29/src/openwrt/build_dir/target-mips_mips32_musl/linux-bmips_bcm63268/linux-6.12.87/scripts/dtc/dtc -O dtb -i../dts/ -Wno-interrupt_provider -Wno-unique_unit_address -Wno-unit_address_vs_reg -Wno-avoid_unnecessary_addr_size -Wno-alias_paths -Wno-graph_child_address -Wno-simple_bus_reg    -o /home/mgta29/src/openwrt/build_dir/target-mips_mips32_musl/linux-bmips_bcm63268/image-bcm63168-sagem-fast-3864-op.dtb /home/mgta29/src/openwrt/build_dir/target-mips_mips32_musl/linux-bmips_bcm63268/image-bcm63168-sagem-fast-3864-op.dtb.tmp
rm -f /home/mgta29/src/openwrt/build_dir/target-mips_mips32_musl/linux-bmips_bcm63268/image-bcm63168-sagem-fast-3864-op.dtb.tmp
mips-openwrt-linux-musl-cpp -nostdinc -x assembler-with-cpp  -I/home/mgta29/src/openwrt/build_dir/target-mips_mips32_musl/linux-bmips_bcm63268/linux-6.12.87/arch/mips/boot/dts -I/home/mgta29/src/openwrt/build_dir/target-mips_mips32_musl/linux-bmips_bcm63268/linux-6.12.87/arch/mips/boot/dts/include -I/home/mgta29/src/openwrt/build_dir/target-mips_mips32_musl/linux-bmips_bcm63268/linux-6.12.87/include/ -I/home/mgta29/src/openwrt/build_dir/target-mips_mips32_musl/linux-bmips_bcm63268/linux-6.12.87/scripts/dtc/include-prefixes -undef -D__DTS__  -o /home/mgta29/src/openwrt/build_dir/target-mips_mips32_musl/linux-bmips_bcm63268/image-bcm63167-sercomm-h500-s-lowi.dtb.tmp ../dts/bcm63167-sercomm-h500-s-lowi.dts
/home/mgta29/src/openwrt/build_dir/target-mips_mips32_musl/linux-bmips_bcm63268/linux-6.12.87/scripts/dtc/dtc -O dtb -i../dts/ -Wno-interrupt_provider -Wno-unique_unit_address -Wno-unit_address_vs_reg -Wno-avoid_unnecessary_addr_size -Wno-alias_paths -Wno-graph_child_address -Wno-simple_bus_reg    -o /home/mgta29/src/openwrt/build_dir/target-mips_mips32_musl/linux-bmips_bcm63268/image-bcm63167-sercomm-h500-s-lowi.dtb /home/mgta29/src/openwrt/build_dir/target-mips_mips32_musl/linux-bmips_bcm63268/image-bcm63167-sercomm-h500-s-lowi.dtb.tmp
rm -f /home/mgta29/src/openwrt/build_dir/target-mips_mips32_musl/linux-bmips_bcm63268/image-bcm63167-sercomm-h500-s-lowi.dtb.tmp
mips-openwrt-linux-musl-cpp -nostdinc -x assembler-with-cpp  -I/home/mgta29/src/openwrt/build_dir/target-mips_mips32_musl/linux-bmips_bcm63268/linux-6.12.87/arch/mips/boot/dts -I/home/mgta29/src/openwrt/build_dir/target-mips_mips32_musl/linux-bmips_bcm63268/linux-6.12.87/arch/mips/boot/dts/include -I/home/mgta29/src/openwrt/build_dir/target-mips_mips32_musl/linux-bmips_bcm63268/linux-6.12.87/include/ -I/home/mgta29/src/openwrt/build_dir/target-mips_mips32_musl/linux-bmips_bcm63268/linux-6.12.87/scripts/dtc/include-prefixes -undef -D__DTS__  -o /home/mgta29/src/openwrt/build_dir/target-mips_mips32_musl/linux-bmips_bcm63268/image-bcm63167-sercomm-h500-s-vfes.dtb.tmp ../dts/bcm63167-sercomm-h500-s-vfes.dts
/home/mgta29/src/openwrt/build_dir/target-mips_mips32_musl/linux-bmips_bcm63268/linux-6.12.87/scripts/dtc/dtc -O dtb -i../dts/ -Wno-interrupt_provider -Wno-unique_unit_address -Wno-unit_address_vs_reg -Wno-avoid_unnecessary_addr_size -Wno-alias_paths -Wno-graph_child_address -Wno-simple_bus_reg    -o /home/mgta29/src/openwrt/build_dir/target-mips_mips32_musl/linux-bmips_bcm63268/image-bcm63167-sercomm-h500-s-vfes.dtb /home/mgta29/src/openwrt/build_dir/target-mips_mips32_musl/linux-bmips_bcm63268/image-bcm63167-sercomm-h500-s-vfes.dtb.tmp
rm -f /home/mgta29/src/openwrt/build_dir/target-mips_mips32_musl/linux-bmips_bcm63268/image-bcm63167-sercomm-h500-s-vfes.dtb.tmp
mips-openwrt-linux-musl-cpp -nostdinc -x assembler-with-cpp  -I/home/mgta29/src/openwrt/build_dir/target-mips_mips32_musl/linux-bmips_bcm63268/linux-6.12.87/arch/mips/boot/dts -I/home/mgta29/src/openwrt/build_dir/target-mips_mips32_musl/linux-bmips_bcm63268/linux-6.12.87/arch/mips/boot/dts/include -I/home/mgta29/src/openwrt/build_dir/target-mips_mips32_musl/linux-bmips_bcm63268/linux-6.12.87/include/ -I/home/mgta29/src/openwrt/build_dir/target-mips_mips32_musl/linux-bmips_bcm63268/linux-6.12.87/scripts/dtc/include-prefixes -undef -D__DTS__  -o /home/mgta29/src/openwrt/build_dir/target-mips_mips32_musl/linux-bmips_bcm63268/image-bcm63168-sercomm-shg2500.dtb.tmp ../dts/bcm63168-sercomm-shg2500.dts
/home/mgta29/src/openwrt/build_dir/target-mips_mips32_musl/linux-bmips_bcm63268/linux-6.12.87/scripts/dtc/dtc -O dtb -i../dts/ -Wno-interrupt_provider -Wno-unique_unit_address -Wno-unit_address_vs_reg -Wno-avoid_unnecessary_addr_size -Wno-alias_paths -Wno-graph_child_address -Wno-simple_bus_reg    -o /home/mgta29/src/openwrt/build_dir/target-mips_mips32_musl/linux-bmips_bcm63268/image-bcm63168-sercomm-shg2500.dtb /home/mgta29/src/openwrt/build_dir/target-mips_mips32_musl/linux-bmips_bcm63268/image-bcm63168-sercomm-shg2500.dtb.tmp
rm -f /home/mgta29/src/openwrt/build_dir/target-mips_mips32_musl/linux-bmips_bcm63268/image-bcm63168-sercomm-shg2500.dtb.tmp
mips-openwrt-linux-musl-cpp -nostdinc -x assembler-with-cpp  -I/home/mgta29/src/openwrt/build_dir/target-mips_mips32_musl/linux-bmips_bcm63268/linux-6.12.87/arch/mips/boot/dts -I/home/mgta29/src/openwrt/build_dir/target-mips_mips32_musl/linux-bmips_bcm63268/linux-6.12.87/arch/mips/boot/dts/include -I/home/mgta29/src/openwrt/build_dir/target-mips_mips32_musl/linux-bmips_bcm63268/linux-6.12.87/include/ -I/home/mgta29/src/openwrt/build_dir/target-mips_mips32_musl/linux-bmips_bcm63268/linux-6.12.87/scripts/dtc/include-prefixes -undef -D__DTS__  -o /home/mgta29/src/openwrt/build_dir/target-mips_mips32_musl/linux-bmips_bcm63268/image-bcm63168-smartrg-sr505n.dtb.tmp ../dts/bcm63168-smartrg-sr505n.dts
/home/mgta29/src/openwrt/build_dir/target-mips_mips32_musl/linux-bmips_bcm63268/linux-6.12.87/scripts/dtc/dtc -O dtb -i../dts/ -Wno-interrupt_provider -Wno-unique_unit_address -Wno-unit_address_vs_reg -Wno-avoid_unnecessary_addr_size -Wno-alias_paths -Wno-graph_child_address -Wno-simple_bus_reg    -o /home/mgta29/src/openwrt/build_dir/target-mips_mips32_musl/linux-bmips_bcm63268/image-bcm63168-smartrg-sr505n.dtb /home/mgta29/src/openwrt/build_dir/target-mips_mips32_musl/linux-bmips_bcm63268/image-bcm63168-smartrg-sr505n.dtb.tmp
rm -f /home/mgta29/src/openwrt/build_dir/target-mips_mips32_musl/linux-bmips_bcm63268/image-bcm63168-smartrg-sr505n.dtb.tmp
mips-openwrt-linux-musl-cpp -nostdinc -x assembler-with-cpp  -I/home/mgta29/src/openwrt/build_dir/target-mips_mips32_musl/linux-bmips_bcm63268/linux-6.12.87/arch/mips/boot/dts -I/home/mgta29/src/openwrt/build_dir/target-mips_mips32_musl/linux-bmips_bcm63268/linux-6.12.87/arch/mips/boot/dts/include -I/home/mgta29/src/openwrt/build_dir/target-mips_mips32_musl/linux-bmips_bcm63268/linux-6.12.87/include/ -I/home/mgta29/src/openwrt/build_dir/target-mips_mips32_musl/linux-bmips_bcm63268/linux-6.12.87/scripts/dtc/include-prefixes -undef -D__DTS__  -o /home/mgta29/src/openwrt/build_dir/target-mips_mips32_musl/linux-bmips_bcm63268/image-bcm3383-technicolor-tc7200u.dtb.tmp ../dts/bcm3383-technicolor-tc7200u.dts
/home/mgta29/src/openwrt/build_dir/target-mips_mips32_musl/linux-bmips_bcm63268/linux-6.12.87/scripts/dtc/dtc -O dtb -i../dts/ -Wno-interrupt_provider -Wno-unique_unit_address -Wno-unit_address_vs_reg -Wno-avoid_unnecessary_addr_size -Wno-alias_paths -Wno-graph_child_address -Wno-simple_bus_reg    -o /home/mgta29/src/openwrt/build_dir/target-mips_mips32_musl/linux-bmips_bcm63268/image-bcm3383-technicolor-tc7200u.dtb /home/mgta29/src/openwrt/build_dir/target-mips_mips32_musl/linux-bmips_bcm63268/image-bcm3383-technicolor-tc7200u.dtb.tmp
rm -f /home/mgta29/src/openwrt/build_dir/target-mips_mips32_musl/linux-bmips_bcm63268/image-bcm3383-technicolor-tc7200u.dtb.tmp
mkdir -p /home/mgta29/src/openwrt/bin/targets/bmips/bcm63268 /home/mgta29/src/openwrt/build_dir/target-mips_mips32_musl/linux-bmips_bcm63268/tmp
rm -rf /home/mgta29/src/openwrt/build_dir/target-mips_mips32_musl/json_info_files
( cd /home/mgta29/src/openwrt/build_dir/target-mips_mips32_musl/root-bmips; find . | /home/mgta29/src/openwrt/staging_dir/host/bin/cpio -o -H newc -R 0:0 | gzip -9n >/home/mgta29/src/openwrt/bin/targets/bmips/bcm63268/openwrt-bmips-bcm63268-rootfs.cpio.gz )
15681 blocks
rm -f /home/mgta29/src/openwrt/build_dir/target-mips_mips32_musl/linux-bmips_bcm63268/tmp/openwrt-bmips-bcm63268-technicolor_tc7200u-initramfs.bin
cp /home/mgta29/src/openwrt/build_dir/target-mips_mips32_musl/linux-bmips_bcm63268/vmlinux-initramfs /home/mgta29/src/openwrt/build_dir/target-mips_mips32_musl/linux-bmips_bcm63268/tmp/openwrt-bmips-bcm63268-technicolor_tc7200u-initramfs.bin
cat /home/mgta29/src/openwrt/build_dir/target-mips_mips32_musl/linux-bmips_bcm63268/image-bcm3383-technicolor-tc7200u.dtb >> /home/mgta29/src/openwrt/build_dir/target-mips_mips32_musl/linux-bmips_bcm63268/tmp/openwrt-bmips-bcm63268-technicolor_tc7200u-initramfs.bin
/home/mgta29/src/openwrt/staging_dir/host/bin/lzma e /home/mgta29/src/openwrt/build_dir/target-mips_mips32_musl/linux-bmips_bcm63268/tmp/openwrt-bmips-bcm63268-technicolor_tc7200u-initramfs.bin -lc1 -lp2 -pb2  /home/mgta29/src/openwrt/build_dir/target-mips_mips32_musl/linux-bmips_bcm63268/tmp/openwrt-bmips-bcm63268-technicolor_tc7200u-initramfs.bin.new
export MAKEFLAGS= ;make -w -C lzma-loader CHIP_ID=3383 KERNEL_ADDR=0x80010000		 KDIR=/home/mgta29/src/openwrt/build_dir/target-mips_mips32_musl/linux-bmips_bcm63268 LOADER_ADDR=0x84010000 LOADER_DATA="/home/mgta29/src/openwrt/build_dir/target-mips_mips32_musl/linux-bmips_bcm63268/tmp/openwrt-bmips-bcm63268-technicolor_tc7200u-initramfs.bin" LOADER_NAME="openwrt-bmips-bcm63268-technicolor_tc7200u-initramfs.bin" LZMA_TEXT_START=0x82000000		 PKG_BUILD_DIR="/home/mgta29/src/openwrt/build_dir/target-mips_mips32_musl/linux-bmips_bcm63268/tmp/openwrt-bmips-bcm63268-technicolor_tc7200u-initramfs.bin.src" TARGET_DIR="/home/mgta29/src/openwrt/build_dir/target-mips_mips32_musl/linux-bmips_bcm63268/tmp/" compile loader.bin
make[5]: Entering directory '/home/mgta29/src/openwrt/target/linux/bmips/image/lzma-loader'
mkdir /home/mgta29/src/openwrt/build_dir/target-mips_mips32_musl/linux-bmips_bcm63268/tmp/openwrt-bmips-bcm63268-technicolor_tc7200u-initramfs.bin.src
cp -fpR ./src/* /home/mgta29/src/openwrt/build_dir/target-mips_mips32_musl/linux-bmips_bcm63268/tmp/openwrt-bmips-bcm63268-technicolor_tc7200u-initramfs.bin.src/
touch /home/mgta29/src/openwrt/build_dir/target-mips_mips32_musl/linux-bmips_bcm63268/tmp/openwrt-bmips-bcm63268-technicolor_tc7200u-initramfs.bin.src/.prepared
make -C /home/mgta29/src/openwrt/build_dir/target-mips_mips32_musl/linux-bmips_bcm63268/tmp/openwrt-bmips-bcm63268-technicolor_tc7200u-initramfs.bin.src CROSS_COMPILE="mips-openwrt-linux-musl-" \
	LZMA_TEXT_START=0x82000000 \
	LOADER_DATA=/home/mgta29/src/openwrt/build_dir/target-mips_mips32_musl/linux-bmips_bcm63268/tmp/openwrt-bmips-bcm63268-technicolor_tc7200u-initramfs.bin \
	UART_BASE=0xb4e00500 \
	clean all
make[6]: Entering directory '/home/mgta29/src/openwrt/build_dir/target-mips_mips32_musl/linux-bmips_bcm63268/tmp/openwrt-bmips-bcm63268-technicolor_tc7200u-initramfs.bin.src'
rm -f loader *.elf *.bin *.o
mips-openwrt-linux-musl-gcc -D__KERNEL__ -Wall -Wstrict-prototypes -Wno-trigraphs -Os -fno-strict-aliasing -fno-common -fomit-frame-pointer -G 0 -mno-abicalls -fno-pic -ffunction-sections -pipe -ffreestanding -fhonour-copts -mabi=32 -march=mips32 -Wa,-32 -Wa,-march=mips32 -Wa,-mips32 -Wa,--trap -D_LZMA_PROB32 -DUART_BASE=0xb4e00500 -DLZMA_WRAPPER=1 -DLOADADDR=0x80010000 -D__ASSEMBLY__ -c -o head.o head.S
mips-openwrt-linux-musl-gcc -D__KERNEL__ -Wall -Wstrict-prototypes -Wno-trigraphs -Os -fno-strict-aliasing -fno-common -fomit-frame-pointer -G 0 -mno-abicalls -fno-pic -ffunction-sections -pipe -ffreestanding -fhonour-copts -mabi=32 -march=mips32 -Wa,-32 -Wa,-march=mips32 -Wa,-mips32 -Wa,--trap -D_LZMA_PROB32 -DUART_BASE=0xb4e00500 -DLZMA_WRAPPER=1 -DLOADADDR=0x80010000 -c -o loader.o loader.c
mips-openwrt-linux-musl-gcc -D__KERNEL__ -Wall -Wstrict-prototypes -Wno-trigraphs -Os -fno-strict-aliasing -fno-common -fomit-frame-pointer -G 0 -mno-abicalls -fno-pic -ffunction-sections -pipe -ffreestanding -fhonour-copts -mabi=32 -march=mips32 -Wa,-32 -Wa,-march=mips32 -Wa,-mips32 -Wa,--trap -D_LZMA_PROB32 -DUART_BASE=0xb4e00500 -DLZMA_WRAPPER=1 -DLOADADDR=0x80010000 -c -o cache.o cache.c
mips-openwrt-linux-musl-gcc -D__KERNEL__ -Wall -Wstrict-prototypes -Wno-trigraphs -Os -fno-strict-aliasing -fno-common -fomit-frame-pointer -G 0 -mno-abicalls -fno-pic -ffunction-sections -pipe -ffreestanding -fhonour-copts -mabi=32 -march=mips32 -Wa,-32 -Wa,-march=mips32 -Wa,-mips32 -Wa,--trap -D_LZMA_PROB32 -DUART_BASE=0xb4e00500 -DLZMA_WRAPPER=1 -DLOADADDR=0x80010000 -c -o board.o board.c
mips-openwrt-linux-musl-gcc -D__KERNEL__ -Wall -Wstrict-prototypes -Wno-trigraphs -Os -fno-strict-aliasing -fno-common -fomit-frame-pointer -G 0 -mno-abicalls -fno-pic -ffunction-sections -pipe -ffreestanding -fhonour-copts -mabi=32 -march=mips32 -Wa,-32 -Wa,-march=mips32 -Wa,-mips32 -Wa,--trap -D_LZMA_PROB32 -DUART_BASE=0xb4e00500 -DLZMA_WRAPPER=1 -DLOADADDR=0x80010000 -c -o printf.o printf.c
mips-openwrt-linux-musl-gcc -D__KERNEL__ -Wall -Wstrict-prototypes -Wno-trigraphs -Os -fno-strict-aliasing -fno-common -fomit-frame-pointer -G 0 -mno-abicalls -fno-pic -ffunction-sections -pipe -ffreestanding -fhonour-copts -mabi=32 -march=mips32 -Wa,-32 -Wa,-march=mips32 -Wa,-mips32 -Wa,--trap -D_LZMA_PROB32 -DUART_BASE=0xb4e00500 -DLZMA_WRAPPER=1 -DLOADADDR=0x80010000 -c -o LzmaDecode.o LzmaDecode.c
mips-openwrt-linux-musl-ld -r -b binary --oformat elf32-tradbigmips -T lzma-data.lds -o data.o /home/mgta29/src/openwrt/build_dir/target-mips_mips32_musl/linux-bmips_bcm63268/tmp/openwrt-bmips-bcm63268-technicolor_tc7200u-initramfs.bin
mips-openwrt-linux-musl-ld -static --gc-sections -no-warn-mismatch -e startup -T loader.lds -Ttext 0x82000000 -o loader head.o loader.o cache.o board.o printf.o LzmaDecode.o data.o
mips-openwrt-linux-musl-objcopy -O binary -R .reginfo -R .note -R .comment -R .mdebug -R .MIPS.abiflags -S loader loader.bin
mips-openwrt-linux-musl-ld -r -b binary --oformat elf32-tradbigmips -o loader2.o loader.bin
mips-openwrt-linux-musl-ld -e startup -T loader2.lds -Ttext 0x84010000 -o loader.elf loader2.o
make[6]: Leaving directory '/home/mgta29/src/openwrt/build_dir/target-mips_mips32_musl/linux-bmips_bcm63268/tmp/openwrt-bmips-bcm63268-technicolor_tc7200u-initramfs.bin.src'
make[5]: Leaving directory '/home/mgta29/src/openwrt/target/linux/bmips/image/lzma-loader'
cp /home/mgta29/src/openwrt/build_dir/target-mips_mips32_musl/linux-bmips_bcm63268/tmp/openwrt-bmips-bcm63268-technicolor_tc7200u-initramfs.bin /home/mgta29/src/openwrt/bin/targets/bmips/bcm63268/openwrt-bmips-bcm63268-technicolor_tc7200u-initramfs.bin
DEVICE_ID="technicolor_tc7200u" SOURCE_DATE_EPOCH=1778630369 FILE_NAME="openwrt-bmips-bcm63268-technicolor_tc7200u-initramfs.bin" FILE_DIR="/home/mgta29/src/openwrt/build_dir/target-mips_mips32_musl/linux-bmips_bcm63268/tmp" FILE_TYPE="kernel" FILE_FILESYSTEM="initramfs" DEVICE_IMG_PREFIX="openwrt-bmips-bcm63268-technicolor_tc7200u" DEVICE_VENDOR="Technicolor" DEVICE_MODEL="TC7200.U" DEVICE_VARIANT="" DEVICE_ALT0_VENDOR="" DEVICE_ALT0_MODEL="" DEVICE_ALT0_VARIANT="" DEVICE_ALT1_VENDOR="" DEVICE_ALT1_MODEL="" DEVICE_ALT1_VARIANT="" DEVICE_ALT2_VENDOR="" DEVICE_ALT2_MODEL="" DEVICE_ALT2_VARIANT="" DEVICE_ALT3_VENDOR="" DEVICE_ALT3_MODEL="" DEVICE_ALT3_VARIANT="" DEVICE_ALT4_VENDOR="" DEVICE_ALT4_MODEL="" DEVICE_ALT4_VARIANT="" DEVICE_ALT5_VENDOR="" DEVICE_ALT5_MODEL="" DEVICE_ALT5_VARIANT="" DEVICE_TITLE="Technicolor TC7200.U" DEVICE_PACKAGES="" TARGET="bmips" SUBTARGET="bcm63268" VERSION_NUMBER="SNAPSHOT" VERSION_CODE="r34427-6865d489d2" SUPPORTED_DEVICES="technicolor,tc7200u" KERNEL_SIZE="" IMAGE_SIZE="" /home/mgta29/src/openwrt/scripts/json_add_image_info.py /home/mgta29/src/openwrt/build_dir/target-mips_mips32_musl/json_info_files/openwrt-bmips-bcm63268-technicolor_tc7200u-initramfs.bin.json
IPKG_INSTROOT=/home/mgta29/src/openwrt/build_dir/target-mips_mips32_musl/root.orig-bmips /home/mgta29/src/openwrt/staging_dir/host/bin/fakeroot /home/mgta29/src/openwrt/staging_dir/host/bin/apk --root /home/mgta29/src/openwrt/build_dir/target-mips_mips32_musl/root.orig-bmips --keys-dir /home/mgta29/src/openwrt --no-logfile --preserve-env list --quiet --manifest --no-network --repositories-file /dev/null | sort | sed 's/ / - /'  > /home/mgta29/src/openwrt/bin/targets/bmips/bcm63268/openwrt-bmips-bcm63268-technicolor_tc7200u.manifest
make[4]: Leaving directory '/home/mgta29/src/openwrt/target/linux/bmips/image'
make[3]: Leaving directory '/home/mgta29/src/openwrt/target/linux/bmips'
make[2]: Leaving directory '/home/mgta29/src/openwrt/target/linux'
time: target/linux/install#18.99#3.97#23.85
make[1]: Leaving directory '/home/mgta29/src/openwrt'
